<?xml version="1.0" encoding="UTF-8"?>
<testng-results ignored="0" total="37" passed="37" failed="0" skipped="0">
  <reporter-output>
    <line>
      <![CDATA[Driver for Screenshot: ChromeDriver: chrome on WINDOWS (93ad505d76a6a744894180ca807f43a6)]]>
    </line>
    <line>
      <![CDATA[Screenshot taken current URL: https://motorserve-booking-uat.siliconstack.com.au/enquiries]]>
    </line>
    <line>
      <![CDATA[Driver for Screenshot: ChromeDriver: chrome on WINDOWS (93ad505d76a6a744894180ca807f43a6)]]>
    </line>
    <line>
      <![CDATA[Screenshot taken current URL: https://motorserve.com.au/privacy-policy/]]>
    </line>
    <line>
      <![CDATA[Driver for Screenshot: ChromeDriver: chrome on WINDOWS (93ad505d76a6a744894180ca807f43a6)]]>
    </line>
    <line>
      <![CDATA[Screenshot taken current URL: https://motorserve-booking-uat.siliconstack.com.au/enquiries]]>
    </line>
    <line>
      <![CDATA[Driver for Screenshot: ChromeDriver: chrome on WINDOWS (93ad505d76a6a744894180ca807f43a6)]]>
    </line>
    <line>
      <![CDATA[Screenshot taken current URL: https://motorserve-booking-uat.siliconstack.com.au/enquiries]]>
    </line>
    <line>
      <![CDATA[Driver for Screenshot: ChromeDriver: chrome on WINDOWS (93ad505d76a6a744894180ca807f43a6)]]>
    </line>
    <line>
      <![CDATA[Screenshot taken current URL: https://motorserve-booking-uat.siliconstack.com.au/enquiries]]>
    </line>
    <line>
      <![CDATA[Driver for Screenshot: ChromeDriver: chrome on WINDOWS (93ad505d76a6a744894180ca807f43a6)]]>
    </line>
    <line>
      <![CDATA[Screenshot taken current URL: https://motorserve-booking-uat.siliconstack.com.au/enquiries]]>
    </line>
    <line>
      <![CDATA[Driver for Screenshot: ChromeDriver: chrome on WINDOWS (93ad505d76a6a744894180ca807f43a6)]]>
    </line>
    <line>
      <![CDATA[Screenshot taken current URL: https://motorserve-booking-uat.siliconstack.com.au/enquiries/success]]>
    </line>
    <line>
      <![CDATA[Driver for Screenshot: ChromeDriver: chrome on WINDOWS (93ad505d76a6a744894180ca807f43a6)]]>
    </line>
    <line>
      <![CDATA[Screenshot taken current URL: https://motorserve-booking-uat.siliconstack.com.au/enquiries/success]]>
    </line>
    <line>
      <![CDATA[Driver for Screenshot: ChromeDriver: chrome on WINDOWS (93ad505d76a6a744894180ca807f43a6)]]>
    </line>
    <line>
      <![CDATA[Screenshot taken current URL: https://motorserve-booking-uat.siliconstack.com.au/enquiries/success]]>
    </line>
    <line>
      <![CDATA[Driver for Screenshot: ChromeDriver: chrome on WINDOWS (93ad505d76a6a744894180ca807f43a6)]]>
    </line>
    <line>
      <![CDATA[Screenshot taken current URL: https://motorserve-booking-uat.siliconstack.com.au/enquiries/success]]>
    </line>
    <line>
      <![CDATA[Driver for Screenshot: ChromeDriver: chrome on WINDOWS (93ad505d76a6a744894180ca807f43a6)]]>
    </line>
    <line>
      <![CDATA[Screenshot taken current URL: https://motorserve-booking-uat.siliconstack.com.au/enquiries/success]]>
    </line>
    <line>
      <![CDATA[Driver for Screenshot: ChromeDriver: chrome on WINDOWS (93ad505d76a6a744894180ca807f43a6)]]>
    </line>
    <line>
      <![CDATA[Screenshot taken current URL: https://motorserve-booking-uat.siliconstack.com.au/enquiries]]>
    </line>
    <line>
      <![CDATA[Driver for Screenshot: ChromeDriver: chrome on WINDOWS (93ad505d76a6a744894180ca807f43a6)]]>
    </line>
    <line>
      <![CDATA[Screenshot taken current URL: https://motorserve-booking-uat.siliconstack.com.au/enquiries]]>
    </line>
    <line>
      <![CDATA[Driver for Screenshot: ChromeDriver: chrome on WINDOWS (93ad505d76a6a744894180ca807f43a6)]]>
    </line>
    <line>
      <![CDATA[Screenshot taken current URL: https://motorserve-booking-uat.siliconstack.com.au/enquiries]]>
    </line>
    <line>
      <![CDATA[Driver for Screenshot: ChromeDriver: chrome on WINDOWS (93ad505d76a6a744894180ca807f43a6)]]>
    </line>
    <line>
      <![CDATA[Screenshot taken current URL: https://motorserve-booking-uat.siliconstack.com.au/enquiries]]>
    </line>
    <line>
      <![CDATA[Driver for Screenshot: ChromeDriver: chrome on WINDOWS (93ad505d76a6a744894180ca807f43a6)]]>
    </line>
    <line>
      <![CDATA[Screenshot taken current URL: https://motorserve-booking-uat.siliconstack.com.au/enquiries]]>
    </line>
    <line>
      <![CDATA[Driver for Screenshot: ChromeDriver: chrome on WINDOWS (93ad505d76a6a744894180ca807f43a6)]]>
    </line>
    <line>
      <![CDATA[Screenshot taken current URL: https://motorserve-booking-uat.siliconstack.com.au/enquiries]]>
    </line>
    <line>
      <![CDATA[Driver for Screenshot: ChromeDriver: chrome on WINDOWS (93ad505d76a6a744894180ca807f43a6)]]>
    </line>
    <line>
      <![CDATA[Screenshot taken current URL: https://motorserve-booking-uat.siliconstack.com.au/enquiries]]>
    </line>
    <line>
      <![CDATA[Driver for Screenshot: ChromeDriver: chrome on WINDOWS (93ad505d76a6a744894180ca807f43a6)]]>
    </line>
    <line>
      <![CDATA[Screenshot taken current URL: https://motorserve-booking-uat.siliconstack.com.au/enquiries]]>
    </line>
    <line>
      <![CDATA[Driver for Screenshot: ChromeDriver: chrome on WINDOWS (93ad505d76a6a744894180ca807f43a6)]]>
    </line>
    <line>
      <![CDATA[Screenshot taken current URL: https://motorserve-booking-uat.siliconstack.com.au/enquiries]]>
    </line>
    <line>
      <![CDATA[Driver for Screenshot: ChromeDriver: chrome on WINDOWS (93ad505d76a6a744894180ca807f43a6)]]>
    </line>
    <line>
      <![CDATA[Screenshot taken current URL: https://motorserve-booking-uat.siliconstack.com.au/enquiries]]>
    </line>
    <line>
      <![CDATA[Driver for Screenshot: ChromeDriver: chrome on WINDOWS (93ad505d76a6a744894180ca807f43a6)]]>
    </line>
    <line>
      <![CDATA[Screenshot taken current URL: https://motorserve-booking-uat.siliconstack.com.au/enquiries]]>
    </line>
    <line>
      <![CDATA[Driver for Screenshot: ChromeDriver: chrome on WINDOWS (93ad505d76a6a744894180ca807f43a6)]]>
    </line>
    <line>
      <![CDATA[Screenshot taken current URL: https://motorserve-booking-uat.siliconstack.com.au/enquiries]]>
    </line>
    <line>
      <![CDATA[Driver for Screenshot: ChromeDriver: chrome on WINDOWS (93ad505d76a6a744894180ca807f43a6)]]>
    </line>
    <line>
      <![CDATA[Screenshot taken current URL: https://motorserve-booking-uat.siliconstack.com.au/enquiries]]>
    </line>
    <line>
      <![CDATA[Driver for Screenshot: ChromeDriver: chrome on WINDOWS (93ad505d76a6a744894180ca807f43a6)]]>
    </line>
    <line>
      <![CDATA[Screenshot taken current URL: https://motorserve-booking-uat.siliconstack.com.au/enquiries]]>
    </line>
    <line>
      <![CDATA[Driver for Screenshot: ChromeDriver: chrome on WINDOWS (93ad505d76a6a744894180ca807f43a6)]]>
    </line>
    <line>
      <![CDATA[Screenshot taken current URL: https://motorserve-booking-uat.siliconstack.com.au/enquiries]]>
    </line>
    <line>
      <![CDATA[Driver for Screenshot: ChromeDriver: chrome on WINDOWS (93ad505d76a6a744894180ca807f43a6)]]>
    </line>
    <line>
      <![CDATA[Screenshot taken current URL: https://motorserve-booking-uat.siliconstack.com.au/enquiries]]>
    </line>
    <line>
      <![CDATA[Driver for Screenshot: ChromeDriver: chrome on WINDOWS (93ad505d76a6a744894180ca807f43a6)]]>
    </line>
    <line>
      <![CDATA[Screenshot taken current URL: https://motorserve-booking-uat.siliconstack.com.au/enquiries]]>
    </line>
    <line>
      <![CDATA[Driver for Screenshot: ChromeDriver: chrome on WINDOWS (93ad505d76a6a744894180ca807f43a6)]]>
    </line>
    <line>
      <![CDATA[Screenshot taken current URL: https://motorserve-booking-uat.siliconstack.com.au/enquiries]]>
    </line>
    <line>
      <![CDATA[Driver for Screenshot: ChromeDriver: chrome on WINDOWS (93ad505d76a6a744894180ca807f43a6)]]>
    </line>
    <line>
      <![CDATA[Screenshot taken current URL: https://motorserve-booking-uat.siliconstack.com.au/enquiries]]>
    </line>
    <line>
      <![CDATA[Driver for Screenshot: ChromeDriver: chrome on WINDOWS (93ad505d76a6a744894180ca807f43a6)]]>
    </line>
    <line>
      <![CDATA[Screenshot taken current URL: https://motorserve-booking-uat.siliconstack.com.au/enquiries]]>
    </line>
    <line>
      <![CDATA[Driver for Screenshot: ChromeDriver: chrome on WINDOWS (93ad505d76a6a744894180ca807f43a6)]]>
    </line>
    <line>
      <![CDATA[Screenshot taken current URL: https://motorserve-booking-uat.siliconstack.com.au/enquiries]]>
    </line>
    <line>
      <![CDATA[Driver for Screenshot: ChromeDriver: chrome on WINDOWS (93ad505d76a6a744894180ca807f43a6)]]>
    </line>
    <line>
      <![CDATA[Screenshot taken current URL: https://motorserve-booking-uat.siliconstack.com.au/enquiries]]>
    </line>
    <line>
      <![CDATA[Driver for Screenshot: ChromeDriver: chrome on WINDOWS (93ad505d76a6a744894180ca807f43a6)]]>
    </line>
    <line>
      <![CDATA[Screenshot taken current URL: https://motorserve-booking-uat.siliconstack.com.au/enquiries]]>
    </line>
    <line>
      <![CDATA[Driver for Screenshot: ChromeDriver: chrome on WINDOWS (93ad505d76a6a744894180ca807f43a6)]]>
    </line>
    <line>
      <![CDATA[Screenshot taken current URL: https://motorserve-booking-uat.siliconstack.com.au/enquiries]]>
    </line>
    <line>
      <![CDATA[Driver for Screenshot: ChromeDriver: chrome on WINDOWS (93ad505d76a6a744894180ca807f43a6)]]>
    </line>
    <line>
      <![CDATA[Screenshot taken current URL: https://motorserve-booking-uat.siliconstack.com.au/enquiries]]>
    </line>
    <line>
      <![CDATA[Driver for Screenshot: ChromeDriver: chrome on WINDOWS (93ad505d76a6a744894180ca807f43a6)]]>
    </line>
    <line>
      <![CDATA[Screenshot taken current URL: https://motorserve-booking-uat.siliconstack.com.au/enquiries]]>
    </line>
  </reporter-output>
  <suite started-at="2024-08-23T14:20:53 ICT" name="Report_Testing_EasyEngine" finished-at="2024-08-23T14:24:10 ICT" duration-ms="197504">
    <groups>
    </groups>
    <test started-at="2024-08-23T14:20:53 ICT" name="Test_Suite_Motoserve_UAT" finished-at="2024-08-23T14:24:10 ICT" duration-ms="197504">
      <class name="com.easyserv.testcases.Motoserve.EnquiriesTest">
        <test-method is-config="true" signature="initializeTestBaseSetup(java.lang.String,java.lang.String)[pri:0, instance:com.easyserv.testcases.Motoserve.EnquiriesTest@56620197]" started-at="2024-08-23T14:20:53 ICT" name="initializeTestBaseSetup" finished-at="2024-08-23T14:21:00 ICT" duration-ms="7065" status="PASS">
          <params>
            <param index="0">
              <value>
                <![CDATA[chrome]]>
              </value>
            </param>
            <param index="1">
              <value>
                <![CDATA[https://motorserve-booking-uat.siliconstack.com.au]]>
              </value>
            </param>
          </params>
          <reporter-output>
          </reporter-output>
        </test-method> <!-- initializeTestBaseSetup -->
        <test-method is-config="true" signature="setup()[pri:0, instance:com.easyserv.testcases.Motoserve.EnquiriesTest@56620197]" started-at="2024-08-23T14:21:00 ICT" name="setup" finished-at="2024-08-23T14:21:00 ICT" duration-ms="15" status="PASS">
          <reporter-output>
          </reporter-output>
        </test-method> <!-- setup -->
        <test-method signature="EnquiriesTest_TC001()[pri:1, instance:com.easyserv.testcases.Motoserve.EnquiriesTest@56620197]" started-at="2024-08-23T14:21:00 ICT" name="EnquiriesTest_TC001" description="Verify UI of &quot;General Enquiries&quot; screen as  the same BR  _001" finished-at="2024-08-23T14:21:03 ICT" duration-ms="2736" status="PASS">
          <reporter-output>
          </reporter-output>
        </test-method> <!-- EnquiriesTest_TC001 -->
        <test-method is-config="true" signature="takeScreenshot(org.testng.ITestResult,java.lang.String)[pri:0, instance:com.easyserv.testcases.Motoserve.EnquiriesTest@56620197]" started-at="2024-08-23T14:21:03 ICT" name="takeScreenshot" finished-at="2024-08-23T14:21:05 ICT" duration-ms="1461" status="PASS">
          <params>
            <param index="0">
              <value>
                <![CDATA[[TestResult name=EnquiriesTest_TC001 status=SUCCESS method=EnquiriesTest.EnquiriesTest_TC001()[pri:1, instance:com.easyserv.testcases.Motoserve.EnquiriesTest@56620197] output={null}]]]>
              </value>
            </param>
            <param index="1">
              <value>
                <![CDATA[https://motorserve-booking-uat.siliconstack.com.au]]>
              </value>
            </param>
          </params>
          <reporter-output>
            <line>
              <![CDATA[Driver for Screenshot: ChromeDriver: chrome on WINDOWS (93ad505d76a6a744894180ca807f43a6)]]>
            </line>
            <line>
              <![CDATA[Screenshot taken current URL: https://motorserve-booking-uat.siliconstack.com.au/enquiries]]>
            </line>
          </reporter-output>
        </test-method> <!-- takeScreenshot -->
        <test-method signature="EnquiriesTest_TC002()[pri:2, instance:com.easyserv.testcases.Motoserve.EnquiriesTest@56620197]" started-at="2024-08-23T14:21:05 ICT" name="EnquiriesTest_TC002" description="Verify user can click &lt;Motorserve Privacy Policy&gt; hyperlink on &quot;General Enquiries&quot; screen  _002" finished-at="2024-08-23T14:21:08 ICT" duration-ms="3154" status="PASS">
          <reporter-output>
          </reporter-output>
        </test-method> <!-- EnquiriesTest_TC002 -->
        <test-method is-config="true" signature="takeScreenshot(org.testng.ITestResult,java.lang.String)[pri:0, instance:com.easyserv.testcases.Motoserve.EnquiriesTest@56620197]" started-at="2024-08-23T14:21:08 ICT" name="takeScreenshot" finished-at="2024-08-23T14:21:09 ICT" duration-ms="1277" status="PASS">
          <params>
            <param index="0">
              <value>
                <![CDATA[[TestResult name=EnquiriesTest_TC002 status=SUCCESS method=EnquiriesTest.EnquiriesTest_TC002()[pri:2, instance:com.easyserv.testcases.Motoserve.EnquiriesTest@56620197] output={null}]]]>
              </value>
            </param>
            <param index="1">
              <value>
                <![CDATA[https://motorserve-booking-uat.siliconstack.com.au]]>
              </value>
            </param>
          </params>
          <reporter-output>
            <line>
              <![CDATA[Driver for Screenshot: ChromeDriver: chrome on WINDOWS (93ad505d76a6a744894180ca807f43a6)]]>
            </line>
            <line>
              <![CDATA[Screenshot taken current URL: https://motorserve.com.au/privacy-policy/]]>
            </line>
          </reporter-output>
        </test-method> <!-- takeScreenshot -->
        <test-method signature="EnquiriesTest_TC003()[pri:3, instance:com.easyserv.testcases.Motoserve.EnquiriesTest@56620197]" started-at="2024-08-23T14:21:09 ICT" name="EnquiriesTest_TC003" description="Verify user can choose value from &quot;Select Store&quot; listbox  _003" finished-at="2024-08-23T14:21:12 ICT" duration-ms="2446" status="PASS">
          <reporter-output>
          </reporter-output>
        </test-method> <!-- EnquiriesTest_TC003 -->
        <test-method is-config="true" signature="takeScreenshot(org.testng.ITestResult,java.lang.String)[pri:0, instance:com.easyserv.testcases.Motoserve.EnquiriesTest@56620197]" started-at="2024-08-23T14:21:12 ICT" name="takeScreenshot" finished-at="2024-08-23T14:21:13 ICT" duration-ms="1273" status="PASS">
          <params>
            <param index="0">
              <value>
                <![CDATA[[TestResult name=EnquiriesTest_TC003 status=SUCCESS method=EnquiriesTest.EnquiriesTest_TC003()[pri:3, instance:com.easyserv.testcases.Motoserve.EnquiriesTest@56620197] output={null}]]]>
              </value>
            </param>
            <param index="1">
              <value>
                <![CDATA[https://motorserve-booking-uat.siliconstack.com.au]]>
              </value>
            </param>
          </params>
          <reporter-output>
            <line>
              <![CDATA[Driver for Screenshot: ChromeDriver: chrome on WINDOWS (93ad505d76a6a744894180ca807f43a6)]]>
            </line>
            <line>
              <![CDATA[Screenshot taken current URL: https://motorserve-booking-uat.siliconstack.com.au/enquiries]]>
            </line>
          </reporter-output>
        </test-method> <!-- takeScreenshot -->
        <test-method signature="EnquiriesTest_TC004()[pri:4, instance:com.easyserv.testcases.Motoserve.EnquiriesTest@56620197]" started-at="2024-08-23T14:21:13 ICT" name="EnquiriesTest_TC004" description="Verify user can choose value from &quot;Suburb&quot; listbox when I input data for fields &quot;Postcode&quot;  _004" finished-at="2024-08-23T14:21:16 ICT" duration-ms="2508" status="PASS">
          <reporter-output>
          </reporter-output>
        </test-method> <!-- EnquiriesTest_TC004 -->
        <test-method is-config="true" signature="takeScreenshot(org.testng.ITestResult,java.lang.String)[pri:0, instance:com.easyserv.testcases.Motoserve.EnquiriesTest@56620197]" started-at="2024-08-23T14:21:16 ICT" name="takeScreenshot" finished-at="2024-08-23T14:21:17 ICT" duration-ms="872" status="PASS">
          <params>
            <param index="0">
              <value>
                <![CDATA[[TestResult name=EnquiriesTest_TC004 status=SUCCESS method=EnquiriesTest.EnquiriesTest_TC004()[pri:4, instance:com.easyserv.testcases.Motoserve.EnquiriesTest@56620197] output={null}]]]>
              </value>
            </param>
            <param index="1">
              <value>
                <![CDATA[https://motorserve-booking-uat.siliconstack.com.au]]>
              </value>
            </param>
          </params>
          <reporter-output>
            <line>
              <![CDATA[Driver for Screenshot: ChromeDriver: chrome on WINDOWS (93ad505d76a6a744894180ca807f43a6)]]>
            </line>
            <line>
              <![CDATA[Screenshot taken current URL: https://motorserve-booking-uat.siliconstack.com.au/enquiries]]>
            </line>
          </reporter-output>
        </test-method> <!-- takeScreenshot -->
        <test-method signature="EnquiriesTest_TC005()[pri:5, instance:com.easyserv.testcases.Motoserve.EnquiriesTest@56620197]" started-at="2024-08-23T14:21:17 ICT" name="EnquiriesTest_TC005" description="Verify user can enter all field  _005" finished-at="2024-08-23T14:21:20 ICT" duration-ms="3449" status="PASS">
          <reporter-output>
          </reporter-output>
        </test-method> <!-- EnquiriesTest_TC005 -->
        <test-method is-config="true" signature="takeScreenshot(org.testng.ITestResult,java.lang.String)[pri:0, instance:com.easyserv.testcases.Motoserve.EnquiriesTest@56620197]" started-at="2024-08-23T14:21:21 ICT" name="takeScreenshot" finished-at="2024-08-23T14:21:22 ICT" duration-ms="1181" status="PASS">
          <params>
            <param index="0">
              <value>
                <![CDATA[[TestResult name=EnquiriesTest_TC005 status=SUCCESS method=EnquiriesTest.EnquiriesTest_TC005()[pri:5, instance:com.easyserv.testcases.Motoserve.EnquiriesTest@56620197] output={null}]]]>
              </value>
            </param>
            <param index="1">
              <value>
                <![CDATA[https://motorserve-booking-uat.siliconstack.com.au]]>
              </value>
            </param>
          </params>
          <reporter-output>
            <line>
              <![CDATA[Driver for Screenshot: ChromeDriver: chrome on WINDOWS (93ad505d76a6a744894180ca807f43a6)]]>
            </line>
            <line>
              <![CDATA[Screenshot taken current URL: https://motorserve-booking-uat.siliconstack.com.au/enquiries]]>
            </line>
          </reporter-output>
        </test-method> <!-- takeScreenshot -->
        <test-method signature="EnquiriesTest_TC006()[pri:6, instance:com.easyserv.testcases.Motoserve.EnquiriesTest@56620197]" started-at="2024-08-23T14:21:22 ICT" name="EnquiriesTest_TC006" description="Verify status &quot;Send&quot; button after user input valid data for all fields on &quot;General Enquiries&quot; screen  _005" finished-at="2024-08-23T14:21:27 ICT" duration-ms="5450" status="PASS">
          <reporter-output>
          </reporter-output>
        </test-method> <!-- EnquiriesTest_TC006 -->
        <test-method is-config="true" signature="takeScreenshot(org.testng.ITestResult,java.lang.String)[pri:0, instance:com.easyserv.testcases.Motoserve.EnquiriesTest@56620197]" started-at="2024-08-23T14:21:27 ICT" name="takeScreenshot" finished-at="2024-08-23T14:21:28 ICT" duration-ms="974" status="PASS">
          <params>
            <param index="0">
              <value>
                <![CDATA[[TestResult name=EnquiriesTest_TC006 status=SUCCESS method=EnquiriesTest.EnquiriesTest_TC006()[pri:6, instance:com.easyserv.testcases.Motoserve.EnquiriesTest@56620197] output={null}]]]>
              </value>
            </param>
            <param index="1">
              <value>
                <![CDATA[https://motorserve-booking-uat.siliconstack.com.au]]>
              </value>
            </param>
          </params>
          <reporter-output>
            <line>
              <![CDATA[Driver for Screenshot: ChromeDriver: chrome on WINDOWS (93ad505d76a6a744894180ca807f43a6)]]>
            </line>
            <line>
              <![CDATA[Screenshot taken current URL: https://motorserve-booking-uat.siliconstack.com.au/enquiries]]>
            </line>
          </reporter-output>
        </test-method> <!-- takeScreenshot -->
        <test-method signature="EnquiriesTest_TC007(java.lang.String,java.lang.String,java.lang.String,java.lang.String,java.lang.String)[pri:7, instance:com.easyserv.testcases.Motoserve.EnquiriesTest@56620197]" started-at="2024-08-23T14:21:28 ICT" name="EnquiriesTest_TC007" description="Verify send &quot;General Enquiries&quot; success when input data within the allowed range for all fields on &quot;General Enquiries&quot; screen  _007" data-provider="data_Enquiri" finished-at="2024-08-23T14:21:35 ICT" duration-ms="6446" status="PASS">
          <params>
            <param index="0">
              <value>
                <![CDATA[Tom]]>
              </value>
            </param>
            <param index="1">
              <value>
                <![CDATA[Nguyễn]]>
              </value>
            </param>
            <param index="2">
              <value>
                <![CDATA[0909789789]]>
              </value>
            </param>
            <param index="3">
              <value>
                <![CDATA[tom@gmail.com]]>
              </value>
            </param>
            <param index="4">
              <value>
                <![CDATA[Help me, please]]>
              </value>
            </param>
          </params>
          <reporter-output>
          </reporter-output>
        </test-method> <!-- EnquiriesTest_TC007 -->
        <test-method is-config="true" signature="takeScreenshot(org.testng.ITestResult,java.lang.String)[pri:0, instance:com.easyserv.testcases.Motoserve.EnquiriesTest@56620197]" started-at="2024-08-23T14:21:35 ICT" name="takeScreenshot" finished-at="2024-08-23T14:21:37 ICT" duration-ms="1488" status="PASS">
          <params>
            <param index="0">
              <value>
                <![CDATA[[TestResult name=EnquiriesTest_TC007 status=SUCCESS method=EnquiriesTest.EnquiriesTest_TC007(java.lang.String,java.lang.String,java.lang.String,java.lang.String,java.lang.String)[pri:7, instance:com.easyserv.testcases.Motoserve.EnquiriesTest@56620197] output={null}]]]>
              </value>
            </param>
            <param index="1">
              <value>
                <![CDATA[https://motorserve-booking-uat.siliconstack.com.au]]>
              </value>
            </param>
          </params>
          <reporter-output>
            <line>
              <![CDATA[Driver for Screenshot: ChromeDriver: chrome on WINDOWS (93ad505d76a6a744894180ca807f43a6)]]>
            </line>
            <line>
              <![CDATA[Screenshot taken current URL: https://motorserve-booking-uat.siliconstack.com.au/enquiries/success]]>
            </line>
          </reporter-output>
        </test-method> <!-- takeScreenshot -->
        <test-method signature="EnquiriesTest_TC007(java.lang.String,java.lang.String,java.lang.String,java.lang.String,java.lang.String)[pri:7, instance:com.easyserv.testcases.Motoserve.EnquiriesTest@56620197]" started-at="2024-08-23T14:21:37 ICT" name="EnquiriesTest_TC007" description="Verify send &quot;General Enquiries&quot; success when input data within the allowed range for all fields on &quot;General Enquiries&quot; screen  _007" data-provider="data_Enquiri" finished-at="2024-08-23T14:21:43 ICT" duration-ms="6104" status="PASS">
          <params>
            <param index="0">
              <value>
                <![CDATA[Tom]]>
              </value>
            </param>
            <param index="1">
              <value>
                <![CDATA[Nguyễn]]>
              </value>
            </param>
            <param index="2">
              <value>
                <![CDATA[]]>
              </value>
            </param>
            <param index="3">
              <value>
                <![CDATA[tom@gmail.com]]>
              </value>
            </param>
            <param index="4">
              <value>
                <![CDATA[Help me, please]]>
              </value>
            </param>
          </params>
          <reporter-output>
          </reporter-output>
        </test-method> <!-- EnquiriesTest_TC007 -->
        <test-method is-config="true" signature="takeScreenshot(org.testng.ITestResult,java.lang.String)[pri:0, instance:com.easyserv.testcases.Motoserve.EnquiriesTest@56620197]" started-at="2024-08-23T14:21:43 ICT" name="takeScreenshot" finished-at="2024-08-23T14:21:45 ICT" duration-ms="1430" status="PASS">
          <params>
            <param index="0">
              <value>
                <![CDATA[[TestResult name=EnquiriesTest_TC007 status=SUCCESS method=EnquiriesTest.EnquiriesTest_TC007(java.lang.String,java.lang.String,java.lang.String,java.lang.String,java.lang.String)[pri:7, instance:com.easyserv.testcases.Motoserve.EnquiriesTest@56620197] output={null}]]]>
              </value>
            </param>
            <param index="1">
              <value>
                <![CDATA[https://motorserve-booking-uat.siliconstack.com.au]]>
              </value>
            </param>
          </params>
          <reporter-output>
            <line>
              <![CDATA[Driver for Screenshot: ChromeDriver: chrome on WINDOWS (93ad505d76a6a744894180ca807f43a6)]]>
            </line>
            <line>
              <![CDATA[Screenshot taken current URL: https://motorserve-booking-uat.siliconstack.com.au/enquiries/success]]>
            </line>
          </reporter-output>
        </test-method> <!-- takeScreenshot -->
        <test-method signature="EnquiriesTest_TC007(java.lang.String,java.lang.String,java.lang.String,java.lang.String,java.lang.String)[pri:7, instance:com.easyserv.testcases.Motoserve.EnquiriesTest@56620197]" started-at="2024-08-23T14:21:45 ICT" name="EnquiriesTest_TC007" description="Verify send &quot;General Enquiries&quot; success when input data within the allowed range for all fields on &quot;General Enquiries&quot; screen  _007" data-provider="data_Enquiri" finished-at="2024-08-23T14:21:51 ICT" duration-ms="6745" status="PASS">
          <params>
            <param index="0">
              <value>
                <![CDATA[Tommmmmmmmmmmmmmmmmmmmmmmmmmmmmmmmmmmmmmmmmmmmmmmm]]>
              </value>
            </param>
            <param index="1">
              <value>
                <![CDATA[Nguyễn]]>
              </value>
            </param>
            <param index="2">
              <value>
                <![CDATA[0909789789]]>
              </value>
            </param>
            <param index="3">
              <value>
                <![CDATA[tom@gmail.com]]>
              </value>
            </param>
            <param index="4">
              <value>
                <![CDATA[Help me, please]]>
              </value>
            </param>
          </params>
          <reporter-output>
          </reporter-output>
        </test-method> <!-- EnquiriesTest_TC007 -->
        <test-method is-config="true" signature="takeScreenshot(org.testng.ITestResult,java.lang.String)[pri:0, instance:com.easyserv.testcases.Motoserve.EnquiriesTest@56620197]" started-at="2024-08-23T14:21:52 ICT" name="takeScreenshot" finished-at="2024-08-23T14:21:53 ICT" duration-ms="1268" status="PASS">
          <params>
            <param index="0">
              <value>
                <![CDATA[[TestResult name=EnquiriesTest_TC007 status=SUCCESS method=EnquiriesTest.EnquiriesTest_TC007(java.lang.String,java.lang.String,java.lang.String,java.lang.String,java.lang.String)[pri:7, instance:com.easyserv.testcases.Motoserve.EnquiriesTest@56620197] output={null}]]]>
              </value>
            </param>
            <param index="1">
              <value>
                <![CDATA[https://motorserve-booking-uat.siliconstack.com.au]]>
              </value>
            </param>
          </params>
          <reporter-output>
            <line>
              <![CDATA[Driver for Screenshot: ChromeDriver: chrome on WINDOWS (93ad505d76a6a744894180ca807f43a6)]]>
            </line>
            <line>
              <![CDATA[Screenshot taken current URL: https://motorserve-booking-uat.siliconstack.com.au/enquiries/success]]>
            </line>
          </reporter-output>
        </test-method> <!-- takeScreenshot -->
        <test-method signature="EnquiriesTest_TC007(java.lang.String,java.lang.String,java.lang.String,java.lang.String,java.lang.String)[pri:7, instance:com.easyserv.testcases.Motoserve.EnquiriesTest@56620197]" started-at="2024-08-23T14:21:53 ICT" name="EnquiriesTest_TC007" description="Verify send &quot;General Enquiries&quot; success when input data within the allowed range for all fields on &quot;General Enquiries&quot; screen  _007" data-provider="data_Enquiri" finished-at="2024-08-23T14:21:59 ICT" duration-ms="6324" status="PASS">
          <params>
            <param index="0">
              <value>
                <![CDATA[Tom]]>
              </value>
            </param>
            <param index="1">
              <value>
                <![CDATA[Nguyennnnnnnnnnnnnnnnnnnnnnnnnnnnnnnnnnnnnnnnnnnnn]]>
              </value>
            </param>
            <param index="2">
              <value>
                <![CDATA[0909789789]]>
              </value>
            </param>
            <param index="3">
              <value>
                <![CDATA[tom@gmail.com]]>
              </value>
            </param>
            <param index="4">
              <value>
                <![CDATA[Help me, please]]>
              </value>
            </param>
          </params>
          <reporter-output>
          </reporter-output>
        </test-method> <!-- EnquiriesTest_TC007 -->
        <test-method is-config="true" signature="takeScreenshot(org.testng.ITestResult,java.lang.String)[pri:0, instance:com.easyserv.testcases.Motoserve.EnquiriesTest@56620197]" started-at="2024-08-23T14:22:00 ICT" name="takeScreenshot" finished-at="2024-08-23T14:22:01 ICT" duration-ms="1397" status="PASS">
          <params>
            <param index="0">
              <value>
                <![CDATA[[TestResult name=EnquiriesTest_TC007 status=SUCCESS method=EnquiriesTest.EnquiriesTest_TC007(java.lang.String,java.lang.String,java.lang.String,java.lang.String,java.lang.String)[pri:7, instance:com.easyserv.testcases.Motoserve.EnquiriesTest@56620197] output={null}]]]>
              </value>
            </param>
            <param index="1">
              <value>
                <![CDATA[https://motorserve-booking-uat.siliconstack.com.au]]>
              </value>
            </param>
          </params>
          <reporter-output>
            <line>
              <![CDATA[Driver for Screenshot: ChromeDriver: chrome on WINDOWS (93ad505d76a6a744894180ca807f43a6)]]>
            </line>
            <line>
              <![CDATA[Screenshot taken current URL: https://motorserve-booking-uat.siliconstack.com.au/enquiries/success]]>
            </line>
          </reporter-output>
        </test-method> <!-- takeScreenshot -->
        <test-method signature="EnquiriesTest_TC007(java.lang.String,java.lang.String,java.lang.String,java.lang.String,java.lang.String)[pri:7, instance:com.easyserv.testcases.Motoserve.EnquiriesTest@56620197]" started-at="2024-08-23T14:22:01 ICT" name="EnquiriesTest_TC007" description="Verify send &quot;General Enquiries&quot; success when input data within the allowed range for all fields on &quot;General Enquiries&quot; screen  _007" data-provider="data_Enquiri" finished-at="2024-08-23T14:22:07 ICT" duration-ms="6278" status="PASS">
          <params>
            <param index="0">
              <value>
                <![CDATA[Tom]]>
              </value>
            </param>
            <param index="1">
              <value>
                <![CDATA[Nguyễn]]>
              </value>
            </param>
            <param index="2">
              <value>
                <![CDATA[0909789789]]>
              </value>
            </param>
            <param index="3">
              <value>
                <![CDATA[tom@gmail.com]]>
              </value>
            </param>
            <param index="4">
              <value>
                <![CDATA[Testing by Tom nguyennnnnnnnnnnnnnnnnnnnnnnnnnnnnnnnnnnnnnnnnnn]]>
              </value>
            </param>
          </params>
          <reporter-output>
          </reporter-output>
        </test-method> <!-- EnquiriesTest_TC007 -->
        <test-method is-config="true" signature="takeScreenshot(org.testng.ITestResult,java.lang.String)[pri:0, instance:com.easyserv.testcases.Motoserve.EnquiriesTest@56620197]" started-at="2024-08-23T14:22:08 ICT" name="takeScreenshot" finished-at="2024-08-23T14:22:09 ICT" duration-ms="1659" status="PASS">
          <params>
            <param index="0">
              <value>
                <![CDATA[[TestResult name=EnquiriesTest_TC007 status=SUCCESS method=EnquiriesTest.EnquiriesTest_TC007(java.lang.String,java.lang.String,java.lang.String,java.lang.String,java.lang.String)[pri:7, instance:com.easyserv.testcases.Motoserve.EnquiriesTest@56620197] output={null}]]]>
              </value>
            </param>
            <param index="1">
              <value>
                <![CDATA[https://motorserve-booking-uat.siliconstack.com.au]]>
              </value>
            </param>
          </params>
          <reporter-output>
            <line>
              <![CDATA[Driver for Screenshot: ChromeDriver: chrome on WINDOWS (93ad505d76a6a744894180ca807f43a6)]]>
            </line>
            <line>
              <![CDATA[Screenshot taken current URL: https://motorserve-booking-uat.siliconstack.com.au/enquiries/success]]>
            </line>
          </reporter-output>
        </test-method> <!-- takeScreenshot -->
        <test-method signature="EnquiriesTest_TC008()[pri:8, instance:com.easyserv.testcases.Motoserve.EnquiriesTest@56620197]" started-at="2024-08-23T14:22:09 ICT" name="EnquiriesTest_TC008" description="Verify user don&#039;t select data from &quot;Select Store&quot; dropdownlist on &quot;General Enquiries&quot; screen  _008" finished-at="2024-08-23T14:22:14 ICT" duration-ms="4838" status="PASS">
          <reporter-output>
          </reporter-output>
        </test-method> <!-- EnquiriesTest_TC008 -->
        <test-method is-config="true" signature="takeScreenshot(org.testng.ITestResult,java.lang.String)[pri:0, instance:com.easyserv.testcases.Motoserve.EnquiriesTest@56620197]" started-at="2024-08-23T14:22:14 ICT" name="takeScreenshot" finished-at="2024-08-23T14:22:16 ICT" duration-ms="1670" status="PASS">
          <params>
            <param index="0">
              <value>
                <![CDATA[[TestResult name=EnquiriesTest_TC008 status=SUCCESS method=EnquiriesTest.EnquiriesTest_TC008()[pri:8, instance:com.easyserv.testcases.Motoserve.EnquiriesTest@56620197] output={null}]]]>
              </value>
            </param>
            <param index="1">
              <value>
                <![CDATA[https://motorserve-booking-uat.siliconstack.com.au]]>
              </value>
            </param>
          </params>
          <reporter-output>
            <line>
              <![CDATA[Driver for Screenshot: ChromeDriver: chrome on WINDOWS (93ad505d76a6a744894180ca807f43a6)]]>
            </line>
            <line>
              <![CDATA[Screenshot taken current URL: https://motorserve-booking-uat.siliconstack.com.au/enquiries]]>
            </line>
          </reporter-output>
        </test-method> <!-- takeScreenshot -->
        <test-method signature="EnquiriesTest_TC009()[pri:9, instance:com.easyserv.testcases.Motoserve.EnquiriesTest@56620197]" started-at="2024-08-23T14:22:16 ICT" name="EnquiriesTest_TC009" description="Verify system in case user remove all data for &quot;First Name&quot;  _008" finished-at="2024-08-23T14:22:21 ICT" duration-ms="5394" status="PASS">
          <reporter-output>
          </reporter-output>
        </test-method> <!-- EnquiriesTest_TC009 -->
        <test-method is-config="true" signature="takeScreenshot(org.testng.ITestResult,java.lang.String)[pri:0, instance:com.easyserv.testcases.Motoserve.EnquiriesTest@56620197]" started-at="2024-08-23T14:22:22 ICT" name="takeScreenshot" finished-at="2024-08-23T14:22:23 ICT" duration-ms="1304" status="PASS">
          <params>
            <param index="0">
              <value>
                <![CDATA[[TestResult name=EnquiriesTest_TC009 status=SUCCESS method=EnquiriesTest.EnquiriesTest_TC009()[pri:9, instance:com.easyserv.testcases.Motoserve.EnquiriesTest@56620197] output={null}]]]>
              </value>
            </param>
            <param index="1">
              <value>
                <![CDATA[https://motorserve-booking-uat.siliconstack.com.au]]>
              </value>
            </param>
          </params>
          <reporter-output>
            <line>
              <![CDATA[Driver for Screenshot: ChromeDriver: chrome on WINDOWS (93ad505d76a6a744894180ca807f43a6)]]>
            </line>
            <line>
              <![CDATA[Screenshot taken current URL: https://motorserve-booking-uat.siliconstack.com.au/enquiries]]>
            </line>
          </reporter-output>
        </test-method> <!-- takeScreenshot -->
        <test-method signature="EnquiriesTest_TC010()[pri:10, instance:com.easyserv.testcases.Motoserve.EnquiriesTest@56620197]" started-at="2024-08-23T14:22:23 ICT" name="EnquiriesTest_TC010" description="Verify system in case user remove all data for &quot;Last Name&quot;  _010" finished-at="2024-08-23T14:22:28 ICT" duration-ms="5338" status="PASS">
          <reporter-output>
          </reporter-output>
        </test-method> <!-- EnquiriesTest_TC010 -->
        <test-method is-config="true" signature="takeScreenshot(org.testng.ITestResult,java.lang.String)[pri:0, instance:com.easyserv.testcases.Motoserve.EnquiriesTest@56620197]" started-at="2024-08-23T14:22:29 ICT" name="takeScreenshot" finished-at="2024-08-23T14:22:30 ICT" duration-ms="1405" status="PASS">
          <params>
            <param index="0">
              <value>
                <![CDATA[[TestResult name=EnquiriesTest_TC010 status=SUCCESS method=EnquiriesTest.EnquiriesTest_TC010()[pri:10, instance:com.easyserv.testcases.Motoserve.EnquiriesTest@56620197] output={null}]]]>
              </value>
            </param>
            <param index="1">
              <value>
                <![CDATA[https://motorserve-booking-uat.siliconstack.com.au]]>
              </value>
            </param>
          </params>
          <reporter-output>
            <line>
              <![CDATA[Driver for Screenshot: ChromeDriver: chrome on WINDOWS (93ad505d76a6a744894180ca807f43a6)]]>
            </line>
            <line>
              <![CDATA[Screenshot taken current URL: https://motorserve-booking-uat.siliconstack.com.au/enquiries]]>
            </line>
          </reporter-output>
        </test-method> <!-- takeScreenshot -->
        <test-method signature="EnquiriesTest_TC011()[pri:11, instance:com.easyserv.testcases.Motoserve.EnquiriesTest@56620197]" started-at="2024-08-23T14:22:30 ICT" name="EnquiriesTest_TC011" description="Verify system in case user remove all data for &quot;Email&quot;  _011" finished-at="2024-08-23T14:22:35 ICT" duration-ms="5100" status="PASS">
          <reporter-output>
          </reporter-output>
        </test-method> <!-- EnquiriesTest_TC011 -->
        <test-method is-config="true" signature="takeScreenshot(org.testng.ITestResult,java.lang.String)[pri:0, instance:com.easyserv.testcases.Motoserve.EnquiriesTest@56620197]" started-at="2024-08-23T14:22:35 ICT" name="takeScreenshot" finished-at="2024-08-23T14:22:36 ICT" duration-ms="840" status="PASS">
          <params>
            <param index="0">
              <value>
                <![CDATA[[TestResult name=EnquiriesTest_TC011 status=SUCCESS method=EnquiriesTest.EnquiriesTest_TC011()[pri:11, instance:com.easyserv.testcases.Motoserve.EnquiriesTest@56620197] output={null}]]]>
              </value>
            </param>
            <param index="1">
              <value>
                <![CDATA[https://motorserve-booking-uat.siliconstack.com.au]]>
              </value>
            </param>
          </params>
          <reporter-output>
            <line>
              <![CDATA[Driver for Screenshot: ChromeDriver: chrome on WINDOWS (93ad505d76a6a744894180ca807f43a6)]]>
            </line>
            <line>
              <![CDATA[Screenshot taken current URL: https://motorserve-booking-uat.siliconstack.com.au/enquiries]]>
            </line>
          </reporter-output>
        </test-method> <!-- takeScreenshot -->
        <test-method signature="EnquiriesTest_TC012()[pri:12, instance:com.easyserv.testcases.Motoserve.EnquiriesTest@56620197]" started-at="2024-08-23T14:22:36 ICT" name="EnquiriesTest_TC012" description="Verify system in case user remove all data for &quot;Your Enquiri&quot;  _012" finished-at="2024-08-23T14:22:41 ICT" duration-ms="4485" status="PASS">
          <reporter-output>
          </reporter-output>
        </test-method> <!-- EnquiriesTest_TC012 -->
        <test-method is-config="true" signature="takeScreenshot(org.testng.ITestResult,java.lang.String)[pri:0, instance:com.easyserv.testcases.Motoserve.EnquiriesTest@56620197]" started-at="2024-08-23T14:22:41 ICT" name="takeScreenshot" finished-at="2024-08-23T14:22:42 ICT" duration-ms="1107" status="PASS">
          <params>
            <param index="0">
              <value>
                <![CDATA[[TestResult name=EnquiriesTest_TC012 status=SUCCESS method=EnquiriesTest.EnquiriesTest_TC012()[pri:12, instance:com.easyserv.testcases.Motoserve.EnquiriesTest@56620197] output={null}]]]>
              </value>
            </param>
            <param index="1">
              <value>
                <![CDATA[https://motorserve-booking-uat.siliconstack.com.au]]>
              </value>
            </param>
          </params>
          <reporter-output>
            <line>
              <![CDATA[Driver for Screenshot: ChromeDriver: chrome on WINDOWS (93ad505d76a6a744894180ca807f43a6)]]>
            </line>
            <line>
              <![CDATA[Screenshot taken current URL: https://motorserve-booking-uat.siliconstack.com.au/enquiries]]>
            </line>
          </reporter-output>
        </test-method> <!-- takeScreenshot -->
        <test-method signature="EnquiriesTest_TC013()[pri:13, instance:com.easyserv.testcases.Motoserve.EnquiriesTest@56620197]" started-at="2024-08-23T14:22:42 ICT" name="EnquiriesTest_TC013" description="Verify send &quot;General Enquiries&quot; unsuccess when input invalid data for fields &quot;Email&quot;  _013" finished-at="2024-08-23T14:22:45 ICT" duration-ms="2961" status="PASS">
          <reporter-output>
          </reporter-output>
        </test-method> <!-- EnquiriesTest_TC013 -->
        <test-method is-config="true" signature="takeScreenshot(org.testng.ITestResult,java.lang.String)[pri:0, instance:com.easyserv.testcases.Motoserve.EnquiriesTest@56620197]" started-at="2024-08-23T14:22:45 ICT" name="takeScreenshot" finished-at="2024-08-23T14:22:47 ICT" duration-ms="1380" status="PASS">
          <params>
            <param index="0">
              <value>
                <![CDATA[[TestResult name=EnquiriesTest_TC013 status=SUCCESS method=EnquiriesTest.EnquiriesTest_TC013()[pri:13, instance:com.easyserv.testcases.Motoserve.EnquiriesTest@56620197] output={null}]]]>
              </value>
            </param>
            <param index="1">
              <value>
                <![CDATA[https://motorserve-booking-uat.siliconstack.com.au]]>
              </value>
            </param>
          </params>
          <reporter-output>
            <line>
              <![CDATA[Driver for Screenshot: ChromeDriver: chrome on WINDOWS (93ad505d76a6a744894180ca807f43a6)]]>
            </line>
            <line>
              <![CDATA[Screenshot taken current URL: https://motorserve-booking-uat.siliconstack.com.au/enquiries]]>
            </line>
          </reporter-output>
        </test-method> <!-- takeScreenshot -->
        <test-method signature="EnquiriesTest_TC014()[pri:14, instance:com.easyserv.testcases.Motoserve.EnquiriesTest@56620197]" started-at="2024-08-23T14:22:47 ICT" name="EnquiriesTest_TC014" description="Verify send &quot;General Enquiries&quot; unsuccess when input more than 50 characters for field &quot;First Name&quot; _014" finished-at="2024-08-23T14:22:49 ICT" duration-ms="2229" status="PASS">
          <reporter-output>
          </reporter-output>
        </test-method> <!-- EnquiriesTest_TC014 -->
        <test-method is-config="true" signature="takeScreenshot(org.testng.ITestResult,java.lang.String)[pri:0, instance:com.easyserv.testcases.Motoserve.EnquiriesTest@56620197]" started-at="2024-08-23T14:22:49 ICT" name="takeScreenshot" finished-at="2024-08-23T14:22:51 ICT" duration-ms="1498" status="PASS">
          <params>
            <param index="0">
              <value>
                <![CDATA[[TestResult name=EnquiriesTest_TC014 status=SUCCESS method=EnquiriesTest.EnquiriesTest_TC014()[pri:14, instance:com.easyserv.testcases.Motoserve.EnquiriesTest@56620197] output={null}]]]>
              </value>
            </param>
            <param index="1">
              <value>
                <![CDATA[https://motorserve-booking-uat.siliconstack.com.au]]>
              </value>
            </param>
          </params>
          <reporter-output>
            <line>
              <![CDATA[Driver for Screenshot: ChromeDriver: chrome on WINDOWS (93ad505d76a6a744894180ca807f43a6)]]>
            </line>
            <line>
              <![CDATA[Screenshot taken current URL: https://motorserve-booking-uat.siliconstack.com.au/enquiries]]>
            </line>
          </reporter-output>
        </test-method> <!-- takeScreenshot -->
        <test-method signature="EnquiriesTest_TC015()[pri:15, instance:com.easyserv.testcases.Motoserve.EnquiriesTest@56620197]" started-at="2024-08-23T14:22:51 ICT" name="EnquiriesTest_TC015" description="Verify send &quot;General Enquiries&quot; unsuccess when input more than 50 characters for field &quot;Last Name&quot; _015" finished-at="2024-08-23T14:22:53 ICT" duration-ms="2395" status="PASS">
          <reporter-output>
          </reporter-output>
        </test-method> <!-- EnquiriesTest_TC015 -->
        <test-method is-config="true" signature="takeScreenshot(org.testng.ITestResult,java.lang.String)[pri:0, instance:com.easyserv.testcases.Motoserve.EnquiriesTest@56620197]" started-at="2024-08-23T14:22:53 ICT" name="takeScreenshot" finished-at="2024-08-23T14:22:55 ICT" duration-ms="1346" status="PASS">
          <params>
            <param index="0">
              <value>
                <![CDATA[[TestResult name=EnquiriesTest_TC015 status=SUCCESS method=EnquiriesTest.EnquiriesTest_TC015()[pri:15, instance:com.easyserv.testcases.Motoserve.EnquiriesTest@56620197] output={null}]]]>
              </value>
            </param>
            <param index="1">
              <value>
                <![CDATA[https://motorserve-booking-uat.siliconstack.com.au]]>
              </value>
            </param>
          </params>
          <reporter-output>
            <line>
              <![CDATA[Driver for Screenshot: ChromeDriver: chrome on WINDOWS (93ad505d76a6a744894180ca807f43a6)]]>
            </line>
            <line>
              <![CDATA[Screenshot taken current URL: https://motorserve-booking-uat.siliconstack.com.au/enquiries]]>
            </line>
          </reporter-output>
        </test-method> <!-- takeScreenshot -->
        <test-method signature="EnquiriesTest_TC016()[pri:16, instance:com.easyserv.testcases.Motoserve.EnquiriesTest@56620197]" started-at="2024-08-23T14:22:55 ICT" name="EnquiriesTest_TC016" description="Verify send &quot;General Enquiries&quot; unsuccess when input more than 50 characters for field &quot;Email&quot; _016" finished-at="2024-08-23T14:22:57 ICT" duration-ms="2285" status="PASS">
          <reporter-output>
          </reporter-output>
        </test-method> <!-- EnquiriesTest_TC016 -->
        <test-method is-config="true" signature="takeScreenshot(org.testng.ITestResult,java.lang.String)[pri:0, instance:com.easyserv.testcases.Motoserve.EnquiriesTest@56620197]" started-at="2024-08-23T14:22:57 ICT" name="takeScreenshot" finished-at="2024-08-23T14:22:59 ICT" duration-ms="1356" status="PASS">
          <params>
            <param index="0">
              <value>
                <![CDATA[[TestResult name=EnquiriesTest_TC016 status=SUCCESS method=EnquiriesTest.EnquiriesTest_TC016()[pri:16, instance:com.easyserv.testcases.Motoserve.EnquiriesTest@56620197] output={null}]]]>
              </value>
            </param>
            <param index="1">
              <value>
                <![CDATA[https://motorserve-booking-uat.siliconstack.com.au]]>
              </value>
            </param>
          </params>
          <reporter-output>
            <line>
              <![CDATA[Driver for Screenshot: ChromeDriver: chrome on WINDOWS (93ad505d76a6a744894180ca807f43a6)]]>
            </line>
            <line>
              <![CDATA[Screenshot taken current URL: https://motorserve-booking-uat.siliconstack.com.au/enquiries]]>
            </line>
          </reporter-output>
        </test-method> <!-- takeScreenshot -->
        <test-method signature="EnquiriesTest_TC017(java.lang.String)[pri:17, instance:com.easyserv.testcases.Motoserve.EnquiriesTest@56620197]" started-at="2024-08-23T14:22:59 ICT" name="EnquiriesTest_TC017" description="Verify send &quot;General Enquiries&quot; unsuccess when input invalid data for fields &quot;Phone Number&quot; _017" data-provider="data_PhoneNumber" finished-at="2024-08-23T14:23:00 ICT" duration-ms="1933" status="PASS">
          <params>
            <param index="0">
              <value>
                <![CDATA[0*#5624391]]>
              </value>
            </param>
          </params>
          <reporter-output>
          </reporter-output>
        </test-method> <!-- EnquiriesTest_TC017 -->
        <test-method is-config="true" signature="takeScreenshot(org.testng.ITestResult,java.lang.String)[pri:0, instance:com.easyserv.testcases.Motoserve.EnquiriesTest@56620197]" started-at="2024-08-23T14:23:01 ICT" name="takeScreenshot" finished-at="2024-08-23T14:23:02 ICT" duration-ms="1344" status="PASS">
          <params>
            <param index="0">
              <value>
                <![CDATA[[TestResult name=EnquiriesTest_TC017 status=SUCCESS method=EnquiriesTest.EnquiriesTest_TC017(java.lang.String)[pri:17, instance:com.easyserv.testcases.Motoserve.EnquiriesTest@56620197] output={null}]]]>
              </value>
            </param>
            <param index="1">
              <value>
                <![CDATA[https://motorserve-booking-uat.siliconstack.com.au]]>
              </value>
            </param>
          </params>
          <reporter-output>
            <line>
              <![CDATA[Driver for Screenshot: ChromeDriver: chrome on WINDOWS (93ad505d76a6a744894180ca807f43a6)]]>
            </line>
            <line>
              <![CDATA[Screenshot taken current URL: https://motorserve-booking-uat.siliconstack.com.au/enquiries]]>
            </line>
          </reporter-output>
        </test-method> <!-- takeScreenshot -->
        <test-method signature="EnquiriesTest_TC017(java.lang.String)[pri:17, instance:com.easyserv.testcases.Motoserve.EnquiriesTest@56620197]" started-at="2024-08-23T14:23:02 ICT" name="EnquiriesTest_TC017" description="Verify send &quot;General Enquiries&quot; unsuccess when input invalid data for fields &quot;Phone Number&quot; _017" data-provider="data_PhoneNumber" finished-at="2024-08-23T14:23:05 ICT" duration-ms="2521" status="PASS">
          <params>
            <param index="0">
              <value>
                <![CDATA[01 23 45 6 7]]>
              </value>
            </param>
          </params>
          <reporter-output>
          </reporter-output>
        </test-method> <!-- EnquiriesTest_TC017 -->
        <test-method is-config="true" signature="takeScreenshot(org.testng.ITestResult,java.lang.String)[pri:0, instance:com.easyserv.testcases.Motoserve.EnquiriesTest@56620197]" started-at="2024-08-23T14:23:05 ICT" name="takeScreenshot" finished-at="2024-08-23T14:23:06 ICT" duration-ms="1332" status="PASS">
          <params>
            <param index="0">
              <value>
                <![CDATA[[TestResult name=EnquiriesTest_TC017 status=SUCCESS method=EnquiriesTest.EnquiriesTest_TC017(java.lang.String)[pri:17, instance:com.easyserv.testcases.Motoserve.EnquiriesTest@56620197] output={null}]]]>
              </value>
            </param>
            <param index="1">
              <value>
                <![CDATA[https://motorserve-booking-uat.siliconstack.com.au]]>
              </value>
            </param>
          </params>
          <reporter-output>
            <line>
              <![CDATA[Driver for Screenshot: ChromeDriver: chrome on WINDOWS (93ad505d76a6a744894180ca807f43a6)]]>
            </line>
            <line>
              <![CDATA[Screenshot taken current URL: https://motorserve-booking-uat.siliconstack.com.au/enquiries]]>
            </line>
          </reporter-output>
        </test-method> <!-- takeScreenshot -->
        <test-method signature="EnquiriesTest_TC017(java.lang.String)[pri:17, instance:com.easyserv.testcases.Motoserve.EnquiriesTest@56620197]" started-at="2024-08-23T14:23:06 ICT" name="EnquiriesTest_TC017" description="Verify send &quot;General Enquiries&quot; unsuccess when input invalid data for fields &quot;Phone Number&quot; _017" data-provider="data_PhoneNumber" finished-at="2024-08-23T14:23:08 ICT" duration-ms="1846" status="PASS">
          <params>
            <param index="0">
              <value>
                <![CDATA[012abc345d]]>
              </value>
            </param>
          </params>
          <reporter-output>
          </reporter-output>
        </test-method> <!-- EnquiriesTest_TC017 -->
        <test-method is-config="true" signature="takeScreenshot(org.testng.ITestResult,java.lang.String)[pri:0, instance:com.easyserv.testcases.Motoserve.EnquiriesTest@56620197]" started-at="2024-08-23T14:23:08 ICT" name="takeScreenshot" finished-at="2024-08-23T14:23:10 ICT" duration-ms="1357" status="PASS">
          <params>
            <param index="0">
              <value>
                <![CDATA[[TestResult name=EnquiriesTest_TC017 status=SUCCESS method=EnquiriesTest.EnquiriesTest_TC017(java.lang.String)[pri:17, instance:com.easyserv.testcases.Motoserve.EnquiriesTest@56620197] output={null}]]]>
              </value>
            </param>
            <param index="1">
              <value>
                <![CDATA[https://motorserve-booking-uat.siliconstack.com.au]]>
              </value>
            </param>
          </params>
          <reporter-output>
            <line>
              <![CDATA[Driver for Screenshot: ChromeDriver: chrome on WINDOWS (93ad505d76a6a744894180ca807f43a6)]]>
            </line>
            <line>
              <![CDATA[Screenshot taken current URL: https://motorserve-booking-uat.siliconstack.com.au/enquiries]]>
            </line>
          </reporter-output>
        </test-method> <!-- takeScreenshot -->
        <test-method signature="EnquiriesTest_TC017(java.lang.String)[pri:17, instance:com.easyserv.testcases.Motoserve.EnquiriesTest@56620197]" started-at="2024-08-23T14:23:10 ICT" name="EnquiriesTest_TC017" description="Verify send &quot;General Enquiries&quot; unsuccess when input invalid data for fields &quot;Phone Number&quot; _017" data-provider="data_PhoneNumber" finished-at="2024-08-23T14:23:12 ICT" duration-ms="2036" status="PASS">
          <params>
            <param index="0">
              <value>
                <![CDATA[1234567890]]>
              </value>
            </param>
          </params>
          <reporter-output>
          </reporter-output>
        </test-method> <!-- EnquiriesTest_TC017 -->
        <test-method is-config="true" signature="takeScreenshot(org.testng.ITestResult,java.lang.String)[pri:0, instance:com.easyserv.testcases.Motoserve.EnquiriesTest@56620197]" started-at="2024-08-23T14:23:12 ICT" name="takeScreenshot" finished-at="2024-08-23T14:23:13 ICT" duration-ms="1322" status="PASS">
          <params>
            <param index="0">
              <value>
                <![CDATA[[TestResult name=EnquiriesTest_TC017 status=SUCCESS method=EnquiriesTest.EnquiriesTest_TC017(java.lang.String)[pri:17, instance:com.easyserv.testcases.Motoserve.EnquiriesTest@56620197] output={null}]]]>
              </value>
            </param>
            <param index="1">
              <value>
                <![CDATA[https://motorserve-booking-uat.siliconstack.com.au]]>
              </value>
            </param>
          </params>
          <reporter-output>
            <line>
              <![CDATA[Driver for Screenshot: ChromeDriver: chrome on WINDOWS (93ad505d76a6a744894180ca807f43a6)]]>
            </line>
            <line>
              <![CDATA[Screenshot taken current URL: https://motorserve-booking-uat.siliconstack.com.au/enquiries]]>
            </line>
          </reporter-output>
        </test-method> <!-- takeScreenshot -->
        <test-method signature="EnquiriesTest_TC017(java.lang.String)[pri:17, instance:com.easyserv.testcases.Motoserve.EnquiriesTest@56620197]" started-at="2024-08-23T14:23:13 ICT" name="EnquiriesTest_TC017" description="Verify send &quot;General Enquiries&quot; unsuccess when input invalid data for fields &quot;Phone Number&quot; _017" data-provider="data_PhoneNumber" finished-at="2024-08-23T14:23:15 ICT" duration-ms="1948" status="PASS">
          <params>
            <param index="0">
              <value>
                <![CDATA[0*# 123 0&!]]>
              </value>
            </param>
          </params>
          <reporter-output>
          </reporter-output>
        </test-method> <!-- EnquiriesTest_TC017 -->
        <test-method is-config="true" signature="takeScreenshot(org.testng.ITestResult,java.lang.String)[pri:0, instance:com.easyserv.testcases.Motoserve.EnquiriesTest@56620197]" started-at="2024-08-23T14:23:16 ICT" name="takeScreenshot" finished-at="2024-08-23T14:23:17 ICT" duration-ms="1387" status="PASS">
          <params>
            <param index="0">
              <value>
                <![CDATA[[TestResult name=EnquiriesTest_TC017 status=SUCCESS method=EnquiriesTest.EnquiriesTest_TC017(java.lang.String)[pri:17, instance:com.easyserv.testcases.Motoserve.EnquiriesTest@56620197] output={null}]]]>
              </value>
            </param>
            <param index="1">
              <value>
                <![CDATA[https://motorserve-booking-uat.siliconstack.com.au]]>
              </value>
            </param>
          </params>
          <reporter-output>
            <line>
              <![CDATA[Driver for Screenshot: ChromeDriver: chrome on WINDOWS (93ad505d76a6a744894180ca807f43a6)]]>
            </line>
            <line>
              <![CDATA[Screenshot taken current URL: https://motorserve-booking-uat.siliconstack.com.au/enquiries]]>
            </line>
          </reporter-output>
        </test-method> <!-- takeScreenshot -->
        <test-method signature="EnquiriesTest_TC017(java.lang.String)[pri:17, instance:com.easyserv.testcases.Motoserve.EnquiriesTest@56620197]" started-at="2024-08-23T14:23:17 ICT" name="EnquiriesTest_TC017" description="Verify send &quot;General Enquiries&quot; unsuccess when input invalid data for fields &quot;Phone Number&quot; _017" data-provider="data_PhoneNumber" finished-at="2024-08-23T14:23:19 ICT" duration-ms="1898" status="PASS">
          <params>
            <param index="0">
              <value>
                <![CDATA[0abc1230&!]]>
              </value>
            </param>
          </params>
          <reporter-output>
          </reporter-output>
        </test-method> <!-- EnquiriesTest_TC017 -->
        <test-method is-config="true" signature="takeScreenshot(org.testng.ITestResult,java.lang.String)[pri:0, instance:com.easyserv.testcases.Motoserve.EnquiriesTest@56620197]" started-at="2024-08-23T14:23:19 ICT" name="takeScreenshot" finished-at="2024-08-23T14:23:21 ICT" duration-ms="1358" status="PASS">
          <params>
            <param index="0">
              <value>
                <![CDATA[[TestResult name=EnquiriesTest_TC017 status=SUCCESS method=EnquiriesTest.EnquiriesTest_TC017(java.lang.String)[pri:17, instance:com.easyserv.testcases.Motoserve.EnquiriesTest@56620197] output={null}]]]>
              </value>
            </param>
            <param index="1">
              <value>
                <![CDATA[https://motorserve-booking-uat.siliconstack.com.au]]>
              </value>
            </param>
          </params>
          <reporter-output>
            <line>
              <![CDATA[Driver for Screenshot: ChromeDriver: chrome on WINDOWS (93ad505d76a6a744894180ca807f43a6)]]>
            </line>
            <line>
              <![CDATA[Screenshot taken current URL: https://motorserve-booking-uat.siliconstack.com.au/enquiries]]>
            </line>
          </reporter-output>
        </test-method> <!-- takeScreenshot -->
        <test-method signature="EnquiriesTest_TC017(java.lang.String)[pri:17, instance:com.easyserv.testcases.Motoserve.EnquiriesTest@56620197]" started-at="2024-08-23T14:23:21 ICT" name="EnquiriesTest_TC017" description="Verify send &quot;General Enquiries&quot; unsuccess when input invalid data for fields &quot;Phone Number&quot; _017" data-provider="data_PhoneNumber" finished-at="2024-08-23T14:23:22 ICT" duration-ms="1833" status="PASS">
          <params>
            <param index="0">
              <value>
                <![CDATA[1230&!78%]]>
              </value>
            </param>
          </params>
          <reporter-output>
          </reporter-output>
        </test-method> <!-- EnquiriesTest_TC017 -->
        <test-method is-config="true" signature="takeScreenshot(org.testng.ITestResult,java.lang.String)[pri:0, instance:com.easyserv.testcases.Motoserve.EnquiriesTest@56620197]" started-at="2024-08-23T14:23:23 ICT" name="takeScreenshot" finished-at="2024-08-23T14:23:24 ICT" duration-ms="1362" status="PASS">
          <params>
            <param index="0">
              <value>
                <![CDATA[[TestResult name=EnquiriesTest_TC017 status=SUCCESS method=EnquiriesTest.EnquiriesTest_TC017(java.lang.String)[pri:17, instance:com.easyserv.testcases.Motoserve.EnquiriesTest@56620197] output={null}]]]>
              </value>
            </param>
            <param index="1">
              <value>
                <![CDATA[https://motorserve-booking-uat.siliconstack.com.au]]>
              </value>
            </param>
          </params>
          <reporter-output>
            <line>
              <![CDATA[Driver for Screenshot: ChromeDriver: chrome on WINDOWS (93ad505d76a6a744894180ca807f43a6)]]>
            </line>
            <line>
              <![CDATA[Screenshot taken current URL: https://motorserve-booking-uat.siliconstack.com.au/enquiries]]>
            </line>
          </reporter-output>
        </test-method> <!-- takeScreenshot -->
        <test-method signature="EnquiriesTest_TC017(java.lang.String)[pri:17, instance:com.easyserv.testcases.Motoserve.EnquiriesTest@56620197]" started-at="2024-08-23T14:23:24 ICT" name="EnquiriesTest_TC017" description="Verify send &quot;General Enquiries&quot; unsuccess when input invalid data for fields &quot;Phone Number&quot; _017" data-provider="data_PhoneNumber" finished-at="2024-08-23T14:23:26 ICT" duration-ms="2076" status="PASS">
          <params>
            <param index="0">
              <value>
                <![CDATA[abc 5241 ab]]>
              </value>
            </param>
          </params>
          <reporter-output>
          </reporter-output>
        </test-method> <!-- EnquiriesTest_TC017 -->
        <test-method is-config="true" signature="takeScreenshot(org.testng.ITestResult,java.lang.String)[pri:0, instance:com.easyserv.testcases.Motoserve.EnquiriesTest@56620197]" started-at="2024-08-23T14:23:26 ICT" name="takeScreenshot" finished-at="2024-08-23T14:23:28 ICT" duration-ms="1343" status="PASS">
          <params>
            <param index="0">
              <value>
                <![CDATA[[TestResult name=EnquiriesTest_TC017 status=SUCCESS method=EnquiriesTest.EnquiriesTest_TC017(java.lang.String)[pri:17, instance:com.easyserv.testcases.Motoserve.EnquiriesTest@56620197] output={null}]]]>
              </value>
            </param>
            <param index="1">
              <value>
                <![CDATA[https://motorserve-booking-uat.siliconstack.com.au]]>
              </value>
            </param>
          </params>
          <reporter-output>
            <line>
              <![CDATA[Driver for Screenshot: ChromeDriver: chrome on WINDOWS (93ad505d76a6a744894180ca807f43a6)]]>
            </line>
            <line>
              <![CDATA[Screenshot taken current URL: https://motorserve-booking-uat.siliconstack.com.au/enquiries]]>
            </line>
          </reporter-output>
        </test-method> <!-- takeScreenshot -->
        <test-method signature="EnquiriesTest_TC017(java.lang.String)[pri:17, instance:com.easyserv.testcases.Motoserve.EnquiriesTest@56620197]" started-at="2024-08-23T14:23:28 ICT" name="EnquiriesTest_TC017" description="Verify send &quot;General Enquiries&quot; unsuccess when input invalid data for fields &quot;Phone Number&quot; _017" data-provider="data_PhoneNumber" finished-at="2024-08-23T14:23:30 ICT" duration-ms="2059" status="PASS">
          <params>
            <param index="0">
              <value>
                <![CDATA[123%$ 0 %]]>
              </value>
            </param>
          </params>
          <reporter-output>
          </reporter-output>
        </test-method> <!-- EnquiriesTest_TC017 -->
        <test-method is-config="true" signature="takeScreenshot(org.testng.ITestResult,java.lang.String)[pri:0, instance:com.easyserv.testcases.Motoserve.EnquiriesTest@56620197]" started-at="2024-08-23T14:23:30 ICT" name="takeScreenshot" finished-at="2024-08-23T14:23:31 ICT" duration-ms="1331" status="PASS">
          <params>
            <param index="0">
              <value>
                <![CDATA[[TestResult name=EnquiriesTest_TC017 status=SUCCESS method=EnquiriesTest.EnquiriesTest_TC017(java.lang.String)[pri:17, instance:com.easyserv.testcases.Motoserve.EnquiriesTest@56620197] output={null}]]]>
              </value>
            </param>
            <param index="1">
              <value>
                <![CDATA[https://motorserve-booking-uat.siliconstack.com.au]]>
              </value>
            </param>
          </params>
          <reporter-output>
            <line>
              <![CDATA[Driver for Screenshot: ChromeDriver: chrome on WINDOWS (93ad505d76a6a744894180ca807f43a6)]]>
            </line>
            <line>
              <![CDATA[Screenshot taken current URL: https://motorserve-booking-uat.siliconstack.com.au/enquiries]]>
            </line>
          </reporter-output>
        </test-method> <!-- takeScreenshot -->
        <test-method signature="EnquiriesTest_TC017(java.lang.String)[pri:17, instance:com.easyserv.testcases.Motoserve.EnquiriesTest@56620197]" started-at="2024-08-23T14:23:31 ICT" name="EnquiriesTest_TC017" description="Verify send &quot;General Enquiries&quot; unsuccess when input invalid data for fields &quot;Phone Number&quot; _017" data-provider="data_PhoneNumber" finished-at="2024-08-23T14:23:33 ICT" duration-ms="1998" status="PASS">
          <params>
            <param index="0">
              <value>
                <![CDATA[123s%$ 0 abc%]]>
              </value>
            </param>
          </params>
          <reporter-output>
          </reporter-output>
        </test-method> <!-- EnquiriesTest_TC017 -->
        <test-method is-config="true" signature="takeScreenshot(org.testng.ITestResult,java.lang.String)[pri:0, instance:com.easyserv.testcases.Motoserve.EnquiriesTest@56620197]" started-at="2024-08-23T14:23:34 ICT" name="takeScreenshot" finished-at="2024-08-23T14:23:35 ICT" duration-ms="1362" status="PASS">
          <params>
            <param index="0">
              <value>
                <![CDATA[[TestResult name=EnquiriesTest_TC017 status=SUCCESS method=EnquiriesTest.EnquiriesTest_TC017(java.lang.String)[pri:17, instance:com.easyserv.testcases.Motoserve.EnquiriesTest@56620197] output={null}]]]>
              </value>
            </param>
            <param index="1">
              <value>
                <![CDATA[https://motorserve-booking-uat.siliconstack.com.au]]>
              </value>
            </param>
          </params>
          <reporter-output>
            <line>
              <![CDATA[Driver for Screenshot: ChromeDriver: chrome on WINDOWS (93ad505d76a6a744894180ca807f43a6)]]>
            </line>
            <line>
              <![CDATA[Screenshot taken current URL: https://motorserve-booking-uat.siliconstack.com.au/enquiries]]>
            </line>
          </reporter-output>
        </test-method> <!-- takeScreenshot -->
        <test-method signature="EnquiriesTest_TC018(java.lang.String)[pri:18, instance:com.easyserv.testcases.Motoserve.EnquiriesTest@56620197]" started-at="2024-08-23T14:23:35 ICT" name="EnquiriesTest_TC018" description="Verify send &quot;General Enquiries&quot; unsuccess when input invalid data for fields &quot;Postcode&quot; _018" data-provider="data_PostCode" finished-at="2024-08-23T14:23:38 ICT" duration-ms="3032" status="PASS">
          <params>
            <param index="0">
              <value>
                <![CDATA[2 0*]]>
              </value>
            </param>
          </params>
          <reporter-output>
          </reporter-output>
        </test-method> <!-- EnquiriesTest_TC018 -->
        <test-method is-config="true" signature="takeScreenshot(org.testng.ITestResult,java.lang.String)[pri:0, instance:com.easyserv.testcases.Motoserve.EnquiriesTest@56620197]" started-at="2024-08-23T14:23:38 ICT" name="takeScreenshot" finished-at="2024-08-23T14:23:40 ICT" duration-ms="1366" status="PASS">
          <params>
            <param index="0">
              <value>
                <![CDATA[[TestResult name=EnquiriesTest_TC018 status=SUCCESS method=EnquiriesTest.EnquiriesTest_TC018(java.lang.String)[pri:18, instance:com.easyserv.testcases.Motoserve.EnquiriesTest@56620197] output={null}]]]>
              </value>
            </param>
            <param index="1">
              <value>
                <![CDATA[https://motorserve-booking-uat.siliconstack.com.au]]>
              </value>
            </param>
          </params>
          <reporter-output>
            <line>
              <![CDATA[Driver for Screenshot: ChromeDriver: chrome on WINDOWS (93ad505d76a6a744894180ca807f43a6)]]>
            </line>
            <line>
              <![CDATA[Screenshot taken current URL: https://motorserve-booking-uat.siliconstack.com.au/enquiries]]>
            </line>
          </reporter-output>
        </test-method> <!-- takeScreenshot -->
        <test-method signature="EnquiriesTest_TC018(java.lang.String)[pri:18, instance:com.easyserv.testcases.Motoserve.EnquiriesTest@56620197]" started-at="2024-08-23T14:23:40 ICT" name="EnquiriesTest_TC018" description="Verify send &quot;General Enquiries&quot; unsuccess when input invalid data for fields &quot;Postcode&quot; _018" data-provider="data_PostCode" finished-at="2024-08-23T14:23:43 ICT" duration-ms="3440" status="PASS">
          <params>
            <param index="0">
              <value>
                <![CDATA[2*a1]]>
              </value>
            </param>
          </params>
          <reporter-output>
          </reporter-output>
        </test-method> <!-- EnquiriesTest_TC018 -->
        <test-method is-config="true" signature="takeScreenshot(org.testng.ITestResult,java.lang.String)[pri:0, instance:com.easyserv.testcases.Motoserve.EnquiriesTest@56620197]" started-at="2024-08-23T14:23:43 ICT" name="takeScreenshot" finished-at="2024-08-23T14:23:45 ICT" duration-ms="1342" status="PASS">
          <params>
            <param index="0">
              <value>
                <![CDATA[[TestResult name=EnquiriesTest_TC018 status=SUCCESS method=EnquiriesTest.EnquiriesTest_TC018(java.lang.String)[pri:18, instance:com.easyserv.testcases.Motoserve.EnquiriesTest@56620197] output={null}]]]>
              </value>
            </param>
            <param index="1">
              <value>
                <![CDATA[https://motorserve-booking-uat.siliconstack.com.au]]>
              </value>
            </param>
          </params>
          <reporter-output>
            <line>
              <![CDATA[Driver for Screenshot: ChromeDriver: chrome on WINDOWS (93ad505d76a6a744894180ca807f43a6)]]>
            </line>
            <line>
              <![CDATA[Screenshot taken current URL: https://motorserve-booking-uat.siliconstack.com.au/enquiries]]>
            </line>
          </reporter-output>
        </test-method> <!-- takeScreenshot -->
        <test-method signature="EnquiriesTest_TC018(java.lang.String)[pri:18, instance:com.easyserv.testcases.Motoserve.EnquiriesTest@56620197]" started-at="2024-08-23T14:23:45 ICT" name="EnquiriesTest_TC018" description="Verify send &quot;General Enquiries&quot; unsuccess when input invalid data for fields &quot;Postcode&quot; _018" data-provider="data_PostCode" finished-at="2024-08-23T14:23:48 ICT" duration-ms="3441" status="PASS">
          <params>
            <param index="0">
              <value>
                <![CDATA[2 *a]]>
              </value>
            </param>
          </params>
          <reporter-output>
          </reporter-output>
        </test-method> <!-- EnquiriesTest_TC018 -->
        <test-method is-config="true" signature="takeScreenshot(org.testng.ITestResult,java.lang.String)[pri:0, instance:com.easyserv.testcases.Motoserve.EnquiriesTest@56620197]" started-at="2024-08-23T14:23:48 ICT" name="takeScreenshot" finished-at="2024-08-23T14:23:50 ICT" duration-ms="1268" status="PASS">
          <params>
            <param index="0">
              <value>
                <![CDATA[[TestResult name=EnquiriesTest_TC018 status=SUCCESS method=EnquiriesTest.EnquiriesTest_TC018(java.lang.String)[pri:18, instance:com.easyserv.testcases.Motoserve.EnquiriesTest@56620197] output={null}]]]>
              </value>
            </param>
            <param index="1">
              <value>
                <![CDATA[https://motorserve-booking-uat.siliconstack.com.au]]>
              </value>
            </param>
          </params>
          <reporter-output>
            <line>
              <![CDATA[Driver for Screenshot: ChromeDriver: chrome on WINDOWS (93ad505d76a6a744894180ca807f43a6)]]>
            </line>
            <line>
              <![CDATA[Screenshot taken current URL: https://motorserve-booking-uat.siliconstack.com.au/enquiries]]>
            </line>
          </reporter-output>
        </test-method> <!-- takeScreenshot -->
        <test-method signature="EnquiriesTest_TC018(java.lang.String)[pri:18, instance:com.easyserv.testcases.Motoserve.EnquiriesTest@56620197]" started-at="2024-08-23T14:23:50 ICT" name="EnquiriesTest_TC018" description="Verify send &quot;General Enquiries&quot; unsuccess when input invalid data for fields &quot;Postcode&quot; _018" data-provider="data_PostCode" finished-at="2024-08-23T14:23:53 ICT" duration-ms="2927" status="PASS">
          <params>
            <param index="0">
              <value>
                <![CDATA[$21x]]>
              </value>
            </param>
          </params>
          <reporter-output>
          </reporter-output>
        </test-method> <!-- EnquiriesTest_TC018 -->
        <test-method is-config="true" signature="takeScreenshot(org.testng.ITestResult,java.lang.String)[pri:0, instance:com.easyserv.testcases.Motoserve.EnquiriesTest@56620197]" started-at="2024-08-23T14:23:53 ICT" name="takeScreenshot" finished-at="2024-08-23T14:23:54 ICT" duration-ms="1309" status="PASS">
          <params>
            <param index="0">
              <value>
                <![CDATA[[TestResult name=EnquiriesTest_TC018 status=SUCCESS method=EnquiriesTest.EnquiriesTest_TC018(java.lang.String)[pri:18, instance:com.easyserv.testcases.Motoserve.EnquiriesTest@56620197] output={null}]]]>
              </value>
            </param>
            <param index="1">
              <value>
                <![CDATA[https://motorserve-booking-uat.siliconstack.com.au]]>
              </value>
            </param>
          </params>
          <reporter-output>
            <line>
              <![CDATA[Driver for Screenshot: ChromeDriver: chrome on WINDOWS (93ad505d76a6a744894180ca807f43a6)]]>
            </line>
            <line>
              <![CDATA[Screenshot taken current URL: https://motorserve-booking-uat.siliconstack.com.au/enquiries]]>
            </line>
          </reporter-output>
        </test-method> <!-- takeScreenshot -->
        <test-method signature="EnquiriesTest_TC018(java.lang.String)[pri:18, instance:com.easyserv.testcases.Motoserve.EnquiriesTest@56620197]" started-at="2024-08-23T14:23:54 ICT" name="EnquiriesTest_TC018" description="Verify send &quot;General Enquiries&quot; unsuccess when input invalid data for fields &quot;Postcode&quot; _018" data-provider="data_PostCode" finished-at="2024-08-23T14:23:58 ICT" duration-ms="3573" status="PASS">
          <params>
            <param index="0">
              <value>
                <![CDATA[2 02]]>
              </value>
            </param>
          </params>
          <reporter-output>
          </reporter-output>
        </test-method> <!-- EnquiriesTest_TC018 -->
        <test-method is-config="true" signature="takeScreenshot(org.testng.ITestResult,java.lang.String)[pri:0, instance:com.easyserv.testcases.Motoserve.EnquiriesTest@56620197]" started-at="2024-08-23T14:23:58 ICT" name="takeScreenshot" finished-at="2024-08-23T14:23:59 ICT" duration-ms="1379" status="PASS">
          <params>
            <param index="0">
              <value>
                <![CDATA[[TestResult name=EnquiriesTest_TC018 status=SUCCESS method=EnquiriesTest.EnquiriesTest_TC018(java.lang.String)[pri:18, instance:com.easyserv.testcases.Motoserve.EnquiriesTest@56620197] output={null}]]]>
              </value>
            </param>
            <param index="1">
              <value>
                <![CDATA[https://motorserve-booking-uat.siliconstack.com.au]]>
              </value>
            </param>
          </params>
          <reporter-output>
            <line>
              <![CDATA[Driver for Screenshot: ChromeDriver: chrome on WINDOWS (93ad505d76a6a744894180ca807f43a6)]]>
            </line>
            <line>
              <![CDATA[Screenshot taken current URL: https://motorserve-booking-uat.siliconstack.com.au/enquiries]]>
            </line>
          </reporter-output>
        </test-method> <!-- takeScreenshot -->
        <test-method signature="EnquiriesTest_TC018(java.lang.String)[pri:18, instance:com.easyserv.testcases.Motoserve.EnquiriesTest@56620197]" started-at="2024-08-23T14:23:59 ICT" name="EnquiriesTest_TC018" description="Verify send &quot;General Enquiries&quot; unsuccess when input invalid data for fields &quot;Postcode&quot; _018" data-provider="data_PostCode" finished-at="2024-08-23T14:24:02 ICT" duration-ms="2979" status="PASS">
          <params>
            <param index="0">
              <value>
                <![CDATA[843+]]>
              </value>
            </param>
          </params>
          <reporter-output>
          </reporter-output>
        </test-method> <!-- EnquiriesTest_TC018 -->
        <test-method is-config="true" signature="takeScreenshot(org.testng.ITestResult,java.lang.String)[pri:0, instance:com.easyserv.testcases.Motoserve.EnquiriesTest@56620197]" started-at="2024-08-23T14:24:02 ICT" name="takeScreenshot" finished-at="2024-08-23T14:24:04 ICT" duration-ms="1295" status="PASS">
          <params>
            <param index="0">
              <value>
                <![CDATA[[TestResult name=EnquiriesTest_TC018 status=SUCCESS method=EnquiriesTest.EnquiriesTest_TC018(java.lang.String)[pri:18, instance:com.easyserv.testcases.Motoserve.EnquiriesTest@56620197] output={null}]]]>
              </value>
            </param>
            <param index="1">
              <value>
                <![CDATA[https://motorserve-booking-uat.siliconstack.com.au]]>
              </value>
            </param>
          </params>
          <reporter-output>
            <line>
              <![CDATA[Driver for Screenshot: ChromeDriver: chrome on WINDOWS (93ad505d76a6a744894180ca807f43a6)]]>
            </line>
            <line>
              <![CDATA[Screenshot taken current URL: https://motorserve-booking-uat.siliconstack.com.au/enquiries]]>
            </line>
          </reporter-output>
        </test-method> <!-- takeScreenshot -->
        <test-method signature="EnquiriesTest_TC019()[pri:19, instance:com.easyserv.testcases.Motoserve.EnquiriesTest@56620197]" started-at="2024-08-23T14:24:04 ICT" name="EnquiriesTest_TC019" description="Verify send &quot;General Enquiries&quot; unsuccess when input data outside the allowed range for field &quot;Phone Number&quot; on &quot;General Enquiries&quot; screen _019" finished-at="2024-08-23T14:24:06 ICT" duration-ms="2108" status="PASS">
          <reporter-output>
          </reporter-output>
        </test-method> <!-- EnquiriesTest_TC019 -->
        <test-method is-config="true" signature="takeScreenshot(org.testng.ITestResult,java.lang.String)[pri:0, instance:com.easyserv.testcases.Motoserve.EnquiriesTest@56620197]" started-at="2024-08-23T14:24:06 ICT" name="takeScreenshot" finished-at="2024-08-23T14:24:08 ICT" duration-ms="1468" status="PASS">
          <params>
            <param index="0">
              <value>
                <![CDATA[[TestResult name=EnquiriesTest_TC019 status=SUCCESS method=EnquiriesTest.EnquiriesTest_TC019()[pri:19, instance:com.easyserv.testcases.Motoserve.EnquiriesTest@56620197] output={null}]]]>
              </value>
            </param>
            <param index="1">
              <value>
                <![CDATA[https://motorserve-booking-uat.siliconstack.com.au]]>
              </value>
            </param>
          </params>
          <reporter-output>
            <line>
              <![CDATA[Driver for Screenshot: ChromeDriver: chrome on WINDOWS (93ad505d76a6a744894180ca807f43a6)]]>
            </line>
            <line>
              <![CDATA[Screenshot taken current URL: https://motorserve-booking-uat.siliconstack.com.au/enquiries]]>
            </line>
          </reporter-output>
        </test-method> <!-- takeScreenshot -->
        <test-method is-config="true" signature="tearDown()[pri:0, instance:com.easyserv.testcases.Motoserve.EnquiriesTest@56620197]" started-at="2024-08-23T14:24:08 ICT" name="tearDown" finished-at="2024-08-23T14:24:10 ICT" duration-ms="2508" status="PASS">
          <reporter-output>
          </reporter-output>
        </test-method> <!-- tearDown -->
      </class> <!-- com.easyserv.testcases.Motoserve.EnquiriesTest -->
    </test> <!-- Test_Suite_Motoserve_UAT -->
  </suite> <!-- Report_Testing_EasyEngine -->
</testng-results>
