<?xml version="1.0" encoding="UTF-8"?>
<testsuite xmlns:xsi="http://www.w3.org/2001/XMLSchema-instance" xsi:noNamespaceSchemaLocation="https://maven.apache.org/surefire/maven-surefire-plugin/xsd/surefire-test-report.xsd" version="3.0.2" name="TestSuite" time="199.674" tests="37" errors="0" skipped="0" failures="0">
  <properties>
[...]
</properties>
  <testcase name="EnquiriesTest_TC001" classname="com.easyserv.testcases.Motoserve.EnquiriesTest" time="2.61">
    <system-out><![CDATA[2024-08-23 14:20:53,577 main ERROR File contains an invalid element or attribute "filePattern"
[INFO] 23-08-2024 14:20:53 [main] Log - Start testing Test_Suite_Motoserve_UAT
Launching Chrome browser...
[INFO] 23-08-2024 14:21:00 [main] Log - EnquiriesTest_TC001 test is starting...
Printer Status Select Store :true
Printer Status first name :true
Printer Status last name :true
Printer Status email field :true
Printer Status Your Enquiry field :true
Printer Status Send Button :false
[INFO] 23-08-2024 14:21:03 [main] Log - EnquiriesTest_TC001 test is passed.
]]></system-out>
    <system-err><![CDATA[Starting ChromeDriver 127.0.6533.88 (a2d0cb026721e4644e489b8ebb07038ca4e4351c-refs/branch-heads/6533@{#1846}) on port 29425
Only local connections are allowed.
Please see https://chromedriver.chromium.org/security-considerations for suggestions on keeping ChromeDriver safe.
ChromeDriver was started successfully.
Aug 23, 2024 2:20:56 PM org.openqa.selenium.devtools.CdpVersionFinder findNearestMatch
WARNING: Unable to find CDP implementation matching 127
Aug 23, 2024 2:20:56 PM org.openqa.selenium.chromium.ChromiumDriver lambda$new$3
WARNING: Unable to find version of CDP to use for . You may need to include a dependency on a specific version of the CDP using something similar to `org.seleniumhq.selenium:selenium-devtools-v86:4.7.2` where the version ("v86") matches the version of the chromium-based browser you're using and the version number of the artifact is the same as Selenium's.
]]></system-err>
  </testcase>
  <testcase name="EnquiriesTest_TC002" classname="com.easyserv.testcases.Motoserve.EnquiriesTest" time="3.273">
    <system-out><![CDATA[ExportData/Screenshots
ExportData/Screenshots
Screenshot taken: EnquiriesTest_TC001
Screenshot taken current URL: https://motorserve-booking-uat.siliconstack.com.au/enquiries
[INFO] 23-08-2024 14:21:05 [main] Log - EnquiriesTest_TC002 test is starting...
Printer Privacy Header : MOTORSERVE PRIVACY POLICY
[INFO] 23-08-2024 14:21:08 [main] Log - EnquiriesTest_TC002 test is passed.
]]></system-out>
  </testcase>
  <testcase name="EnquiriesTest_TC003" classname="com.easyserv.testcases.Motoserve.EnquiriesTest" time="2.681">
    <system-out><![CDATA[ExportData/Screenshots
ExportData/Screenshots
Screenshot taken: EnquiriesTest_TC002
Screenshot taken current URL: https://motorserve.com.au/privacy-policy/
[INFO] 23-08-2024 14:21:09 [main] Log - EnquiriesTest_TC003 test is starting...
[INFO] 23-08-2024 14:21:12 [main] Log - EnquiriesTest_TC003 test is passed.
]]></system-out>
  </testcase>
  <testcase name="EnquiriesTest_TC004" classname="com.easyserv.testcases.Motoserve.EnquiriesTest" time="2.706">
    <system-out><![CDATA[ExportData/Screenshots
ExportData/Screenshots
Screenshot taken: EnquiriesTest_TC003
Screenshot taken current URL: https://motorserve-booking-uat.siliconstack.com.au/enquiries
[INFO] 23-08-2024 14:21:13 [main] Log - EnquiriesTest_TC004 test is starting...
[INFO] 23-08-2024 14:21:16 [main] Log - EnquiriesTest_TC004 test is passed.
]]></system-out>
  </testcase>
  <testcase name="EnquiriesTest_TC005" classname="com.easyserv.testcases.Motoserve.EnquiriesTest" time="3.656">
    <system-out><![CDATA[ExportData/Screenshots
ExportData/Screenshots
Screenshot taken: EnquiriesTest_TC004
Screenshot taken current URL: https://motorserve-booking-uat.siliconstack.com.au/enquiries
[INFO] 23-08-2024 14:21:17 [main] Log - EnquiriesTest_TC005 test is starting...
Printer Status first name :true
Printer Status last name :true
Printer Status last name :true
Printer Status email field :true
Printer Status Your Enquiry field :true
[INFO] 23-08-2024 14:21:20 [main] Log - EnquiriesTest_TC005 test is passed.
]]></system-out>
  </testcase>
  <testcase name="EnquiriesTest_TC006" classname="com.easyserv.testcases.Motoserve.EnquiriesTest" time="5.672">
    <system-out><![CDATA[ExportData/Screenshots
ExportData/Screenshots
Screenshot taken: EnquiriesTest_TC005
Screenshot taken current URL: https://motorserve-booking-uat.siliconstack.com.au/enquiries
[INFO] 23-08-2024 14:21:22 [main] Log - EnquiriesTest_TC006 test is starting...
Printer Status Send Button :true
[INFO] 23-08-2024 14:21:27 [main] Log - EnquiriesTest_TC006 test is passed.
]]></system-out>
  </testcase>
  <testcase name="EnquiriesTest_TC007[Tom, Nguyễn, 0909789789, tom@gmail.com, Help me, please](1)" classname="com.easyserv.testcases.Motoserve.EnquiriesTest" time="6.829">
    <system-out><![CDATA[ExportData/Screenshots
ExportData/Screenshots
Screenshot taken: EnquiriesTest_TC006
Screenshot taken current URL: https://motorserve-booking-uat.siliconstack.com.au/enquiries
[INFO] 23-08-2024 14:21:28 [main] Log - EnquiriesTest_TC007 test is starting...
Printer Enquiry Sent Header : ENQUIRY SENT
[INFO] 23-08-2024 14:21:35 [main] Log - EnquiriesTest_TC007 test is passed.
]]></system-out>
  </testcase>
  <testcase name="EnquiriesTest_TC007[Tom, Nguyễn, , tom@gmail.com, Help me, please](2)" classname="com.easyserv.testcases.Motoserve.EnquiriesTest" time="6.44">
    <system-out><![CDATA[ExportData/Screenshots
ExportData/Screenshots
Screenshot taken: EnquiriesTest_TC007
Screenshot taken current URL: https://motorserve-booking-uat.siliconstack.com.au/enquiries/success
[INFO] 23-08-2024 14:21:37 [main] Log - EnquiriesTest_TC007 test is starting...
Printer Enquiry Sent Header : ENQUIRY SENT
[INFO] 23-08-2024 14:21:43 [main] Log - EnquiriesTest_TC007 test is passed.
]]></system-out>
  </testcase>
  <testcase name="EnquiriesTest_TC007[Tommmmmmmmmmmmmmmmmmmmmmmmmmmmmmmmmmmmmmmmmmmmmmmm, Nguyễn, 0909789789, tom@gmail.com, Help me, please](3)" classname="com.easyserv.testcases.Motoserve.EnquiriesTest" time="7.093">
    <system-out><![CDATA[ExportData/Screenshots
ExportData/Screenshots
Screenshot taken: EnquiriesTest_TC007
Screenshot taken current URL: https://motorserve-booking-uat.siliconstack.com.au/enquiries/success
[INFO] 23-08-2024 14:21:45 [main] Log - EnquiriesTest_TC007 test is starting...
Printer Enquiry Sent Header : ENQUIRY SENT
[INFO] 23-08-2024 14:21:51 [main] Log - EnquiriesTest_TC007 test is passed.
]]></system-out>
  </testcase>
  <testcase name="EnquiriesTest_TC007[Tom, Nguyennnnnnnnnnnnnnnnnnnnnnnnnnnnnnnnnnnnnnnnnnnnn, 0909789789, tom@gmail.com, Help me, please](4)" classname="com.easyserv.testcases.Motoserve.EnquiriesTest" time="6.596">
    <system-out><![CDATA[ExportData/Screenshots
ExportData/Screenshots
Screenshot taken: EnquiriesTest_TC007
Screenshot taken current URL: https://motorserve-booking-uat.siliconstack.com.au/enquiries/success
[INFO] 23-08-2024 14:21:53 [main] Log - EnquiriesTest_TC007 test is starting...
Printer Enquiry Sent Header : ENQUIRY SENT
[INFO] 23-08-2024 14:21:59 [main] Log - EnquiriesTest_TC007 test is passed.
]]></system-out>
  </testcase>
  <testcase name="EnquiriesTest_TC007[Tom, Nguyễn, 0909789789, tom@gmail.com, Testing by Tom nguyennnnnnnnnnnnnnnnnnnnnnnnnnnnnnnnnnnnnnnnnnn](5)" classname="com.easyserv.testcases.Motoserve.EnquiriesTest" time="6.619">
    <system-out><![CDATA[ExportData/Screenshots
ExportData/Screenshots
Screenshot taken: EnquiriesTest_TC007
Screenshot taken current URL: https://motorserve-booking-uat.siliconstack.com.au/enquiries/success
[INFO] 23-08-2024 14:22:01 [main] Log - EnquiriesTest_TC007 test is starting...
Printer Enquiry Sent Header : ENQUIRY SENT
[INFO] 23-08-2024 14:22:07 [main] Log - EnquiriesTest_TC007 test is passed.
]]></system-out>
  </testcase>
  <testcase name="EnquiriesTest_TC008" classname="com.easyserv.testcases.Motoserve.EnquiriesTest" time="5.133">
    <system-out><![CDATA[ExportData/Screenshots
ExportData/Screenshots
Screenshot taken: EnquiriesTest_TC007
Screenshot taken current URL: https://motorserve-booking-uat.siliconstack.com.au/enquiries/success
[INFO] 23-08-2024 14:22:09 [main] Log - EnquiriesTest_TC008 test is starting...
Printer Status Send Button :false
[INFO] 23-08-2024 14:22:14 [main] Log - EnquiriesTest_TC008 test is passed.
]]></system-out>
  </testcase>
  <testcase name="EnquiriesTest_TC009" classname="com.easyserv.testcases.Motoserve.EnquiriesTest" time="5.621">
    <system-out><![CDATA[ExportData/Screenshots
ExportData/Screenshots
Screenshot taken: EnquiriesTest_TC008
Screenshot taken current URL: https://motorserve-booking-uat.siliconstack.com.au/enquiries
[INFO] 23-08-2024 14:22:16 [main] Log - EnquiriesTest_TC009 test is starting...
[INFO] 23-08-2024 14:22:21 [main] Log - EnquiriesTest_TC009 test is passed.
]]></system-out>
  </testcase>
  <testcase name="EnquiriesTest_TC010" classname="com.easyserv.testcases.Motoserve.EnquiriesTest" time="5.579">
    <system-out><![CDATA[ExportData/Screenshots
ExportData/Screenshots
Screenshot taken: EnquiriesTest_TC009
Screenshot taken current URL: https://motorserve-booking-uat.siliconstack.com.au/enquiries
[INFO] 23-08-2024 14:22:23 [main] Log - EnquiriesTest_TC010 test is starting...
[INFO] 23-08-2024 14:22:28 [main] Log - EnquiriesTest_TC010 test is passed.
]]></system-out>
  </testcase>
  <testcase name="EnquiriesTest_TC011" classname="com.easyserv.testcases.Motoserve.EnquiriesTest" time="5.286">
    <system-out><![CDATA[ExportData/Screenshots
ExportData/Screenshots
Screenshot taken: EnquiriesTest_TC010
Screenshot taken current URL: https://motorserve-booking-uat.siliconstack.com.au/enquiries
[INFO] 23-08-2024 14:22:30 [main] Log - EnquiriesTest_TC011 test is starting...
[INFO] 23-08-2024 14:22:35 [main] Log - EnquiriesTest_TC011 test is passed.
]]></system-out>
  </testcase>
  <testcase name="EnquiriesTest_TC012" classname="com.easyserv.testcases.Motoserve.EnquiriesTest" time="4.7">
    <system-out><![CDATA[ExportData/Screenshots
ExportData/Screenshots
Screenshot taken: EnquiriesTest_TC011
Screenshot taken current URL: https://motorserve-booking-uat.siliconstack.com.au/enquiries
[INFO] 23-08-2024 14:22:36 [main] Log - EnquiriesTest_TC012 test is starting...
[INFO] 23-08-2024 14:22:41 [main] Log - EnquiriesTest_TC012 test is passed.
]]></system-out>
  </testcase>
  <testcase name="EnquiriesTest_TC013" classname="com.easyserv.testcases.Motoserve.EnquiriesTest" time="3.203">
    <system-out><![CDATA[ExportData/Screenshots
ExportData/Screenshots
Screenshot taken: EnquiriesTest_TC012
Screenshot taken current URL: https://motorserve-booking-uat.siliconstack.com.au/enquiries
[INFO] 23-08-2024 14:22:42 [main] Log - EnquiriesTest_TC013 test is starting...
[INFO] 23-08-2024 14:22:45 [main] Log - EnquiriesTest_TC013 test is passed.
]]></system-out>
  </testcase>
  <testcase name="EnquiriesTest_TC014" classname="com.easyserv.testcases.Motoserve.EnquiriesTest" time="2.524">
    <system-out><![CDATA[ExportData/Screenshots
ExportData/Screenshots
Screenshot taken: EnquiriesTest_TC013
Screenshot taken current URL: https://motorserve-booking-uat.siliconstack.com.au/enquiries
[INFO] 23-08-2024 14:22:47 [main] Log - EnquiriesTest_TC014 test is starting...
[INFO] 23-08-2024 14:22:49 [main] Log - EnquiriesTest_TC014 test is passed.
]]></system-out>
  </testcase>
  <testcase name="EnquiriesTest_TC015" classname="com.easyserv.testcases.Motoserve.EnquiriesTest" time="2.723">
    <system-out><![CDATA[ExportData/Screenshots
ExportData/Screenshots
Screenshot taken: EnquiriesTest_TC014
Screenshot taken current URL: https://motorserve-booking-uat.siliconstack.com.au/enquiries
[INFO] 23-08-2024 14:22:51 [main] Log - EnquiriesTest_TC015 test is starting...
[INFO] 23-08-2024 14:22:53 [main] Log - EnquiriesTest_TC015 test is passed.
]]></system-out>
  </testcase>
  <testcase name="EnquiriesTest_TC016" classname="com.easyserv.testcases.Motoserve.EnquiriesTest" time="2.588">
    <system-out><![CDATA[ExportData/Screenshots
ExportData/Screenshots
Screenshot taken: EnquiriesTest_TC015
Screenshot taken current URL: https://motorserve-booking-uat.siliconstack.com.au/enquiries
[INFO] 23-08-2024 14:22:55 [main] Log - EnquiriesTest_TC016 test is starting...
[INFO] 23-08-2024 14:22:57 [main] Log - EnquiriesTest_TC016 test is passed.
]]></system-out>
  </testcase>
  <testcase name="EnquiriesTest_TC017[0*#5624391](1)" classname="com.easyserv.testcases.Motoserve.EnquiriesTest" time="2.234">
    <system-out><![CDATA[ExportData/Screenshots
ExportData/Screenshots
Screenshot taken: EnquiriesTest_TC016
Screenshot taken current URL: https://motorserve-booking-uat.siliconstack.com.au/enquiries
[INFO] 23-08-2024 14:22:59 [main] Log - EnquiriesTest_TC017 test is starting...
[INFO] 23-08-2024 14:23:00 [main] Log - EnquiriesTest_TC017 test is passed.
]]></system-out>
  </testcase>
  <testcase name="EnquiriesTest_TC017[01 23 45 6 7](2)" classname="com.easyserv.testcases.Motoserve.EnquiriesTest" time="2.747">
    <system-out><![CDATA[ExportData/Screenshots
ExportData/Screenshots
Screenshot taken: EnquiriesTest_TC017
Screenshot taken current URL: https://motorserve-booking-uat.siliconstack.com.au/enquiries
[INFO] 23-08-2024 14:23:02 [main] Log - EnquiriesTest_TC017 test is starting...
[INFO] 23-08-2024 14:23:05 [main] Log - EnquiriesTest_TC017 test is passed.
]]></system-out>
  </testcase>
  <testcase name="EnquiriesTest_TC017[012abc345d](3)" classname="com.easyserv.testcases.Motoserve.EnquiriesTest" time="2.134">
    <system-out><![CDATA[ExportData/Screenshots
ExportData/Screenshots
Screenshot taken: EnquiriesTest_TC017
Screenshot taken current URL: https://motorserve-booking-uat.siliconstack.com.au/enquiries
[INFO] 23-08-2024 14:23:06 [main] Log - EnquiriesTest_TC017 test is starting...
[INFO] 23-08-2024 14:23:08 [main] Log - EnquiriesTest_TC017 test is passed.
]]></system-out>
  </testcase>
  <testcase name="EnquiriesTest_TC017[1234567890](4)" classname="com.easyserv.testcases.Motoserve.EnquiriesTest" time="2.307">
    <system-out><![CDATA[ExportData/Screenshots
ExportData/Screenshots
Screenshot taken: EnquiriesTest_TC017
Screenshot taken current URL: https://motorserve-booking-uat.siliconstack.com.au/enquiries
[INFO] 23-08-2024 14:23:10 [main] Log - EnquiriesTest_TC017 test is starting...
[INFO] 23-08-2024 14:23:12 [main] Log - EnquiriesTest_TC017 test is passed.
]]></system-out>
  </testcase>
  <testcase name="EnquiriesTest_TC017[0*# 123 0&amp;!](5)" classname="com.easyserv.testcases.Motoserve.EnquiriesTest" time="2.226">
    <system-out><![CDATA[ExportData/Screenshots
ExportData/Screenshots
Screenshot taken: EnquiriesTest_TC017
Screenshot taken current URL: https://motorserve-booking-uat.siliconstack.com.au/enquiries
[INFO] 23-08-2024 14:23:13 [main] Log - EnquiriesTest_TC017 test is starting...
[INFO] 23-08-2024 14:23:15 [main] Log - EnquiriesTest_TC017 test is passed.
]]></system-out>
  </testcase>
  <testcase name="EnquiriesTest_TC017[0abc1230&amp;!](6)" classname="com.easyserv.testcases.Motoserve.EnquiriesTest" time="2.2">
    <system-out><![CDATA[ExportData/Screenshots
ExportData/Screenshots
Screenshot taken: EnquiriesTest_TC017
Screenshot taken current URL: https://motorserve-booking-uat.siliconstack.com.au/enquiries
[INFO] 23-08-2024 14:23:17 [main] Log - EnquiriesTest_TC017 test is starting...
[INFO] 23-08-2024 14:23:19 [main] Log - EnquiriesTest_TC017 test is passed.
]]></system-out>
  </testcase>
  <testcase name="EnquiriesTest_TC017[1230&amp;!78%](7)" classname="com.easyserv.testcases.Motoserve.EnquiriesTest" time="2.129">
    <system-out><![CDATA[ExportData/Screenshots
ExportData/Screenshots
Screenshot taken: EnquiriesTest_TC017
Screenshot taken current URL: https://motorserve-booking-uat.siliconstack.com.au/enquiries
[INFO] 23-08-2024 14:23:21 [main] Log - EnquiriesTest_TC017 test is starting...
[INFO] 23-08-2024 14:23:22 [main] Log - EnquiriesTest_TC017 test is passed.
]]></system-out>
  </testcase>
  <testcase name="EnquiriesTest_TC017[abc 5241 ab](8)" classname="com.easyserv.testcases.Motoserve.EnquiriesTest" time="2.373">
    <system-out><![CDATA[ExportData/Screenshots
ExportData/Screenshots
Screenshot taken: EnquiriesTest_TC017
Screenshot taken current URL: https://motorserve-booking-uat.siliconstack.com.au/enquiries
[INFO] 23-08-2024 14:23:24 [main] Log - EnquiriesTest_TC017 test is starting...
[INFO] 23-08-2024 14:23:26 [main] Log - EnquiriesTest_TC017 test is passed.
]]></system-out>
  </testcase>
  <testcase name="EnquiriesTest_TC017[123%$ 0 %](9)" classname="com.easyserv.testcases.Motoserve.EnquiriesTest" time="2.451">
    <system-out><![CDATA[ExportData/Screenshots
ExportData/Screenshots
Screenshot taken: EnquiriesTest_TC017
Screenshot taken current URL: https://motorserve-booking-uat.siliconstack.com.au/enquiries
[INFO] 23-08-2024 14:23:28 [main] Log - EnquiriesTest_TC017 test is starting...
[INFO] 23-08-2024 14:23:30 [main] Log - EnquiriesTest_TC017 test is passed.
]]></system-out>
  </testcase>
  <testcase name="EnquiriesTest_TC017[123s%$ 0 abc%](10)" classname="com.easyserv.testcases.Motoserve.EnquiriesTest" time="2.289">
    <system-out><![CDATA[ExportData/Screenshots
ExportData/Screenshots
Screenshot taken: EnquiriesTest_TC017
Screenshot taken current URL: https://motorserve-booking-uat.siliconstack.com.au/enquiries
[INFO] 23-08-2024 14:23:31 [main] Log - EnquiriesTest_TC017 test is starting...
[INFO] 23-08-2024 14:23:33 [main] Log - EnquiriesTest_TC017 test is passed.
]]></system-out>
  </testcase>
  <testcase name="EnquiriesTest_TC018[2 0*](1)" classname="com.easyserv.testcases.Motoserve.EnquiriesTest" time="3.226">
    <system-out><![CDATA[ExportData/Screenshots
ExportData/Screenshots
Screenshot taken: EnquiriesTest_TC017
Screenshot taken current URL: https://motorserve-booking-uat.siliconstack.com.au/enquiries
[INFO] 23-08-2024 14:23:35 [main] Log - EnquiriesTest_TC018 test is starting...
[INFO] 23-08-2024 14:23:38 [main] Log - EnquiriesTest_TC018 test is passed.
]]></system-out>
  </testcase>
  <testcase name="EnquiriesTest_TC018[2*a1](2)" classname="com.easyserv.testcases.Motoserve.EnquiriesTest" time="3.674">
    <system-out><![CDATA[ExportData/Screenshots
ExportData/Screenshots
Screenshot taken: EnquiriesTest_TC018
Screenshot taken current URL: https://motorserve-booking-uat.siliconstack.com.au/enquiries
[INFO] 23-08-2024 14:23:40 [main] Log - EnquiriesTest_TC018 test is starting...
[INFO] 23-08-2024 14:23:43 [main] Log - EnquiriesTest_TC018 test is passed.
]]></system-out>
  </testcase>
  <testcase name="EnquiriesTest_TC018[2 *a](3)" classname="com.easyserv.testcases.Motoserve.EnquiriesTest" time="3.635">
    <system-out><![CDATA[ExportData/Screenshots
ExportData/Screenshots
Screenshot taken: EnquiriesTest_TC018
Screenshot taken current URL: https://motorserve-booking-uat.siliconstack.com.au/enquiries
[INFO] 23-08-2024 14:23:45 [main] Log - EnquiriesTest_TC018 test is starting...
[INFO] 23-08-2024 14:23:48 [main] Log - EnquiriesTest_TC018 test is passed.
]]></system-out>
  </testcase>
  <testcase name="EnquiriesTest_TC018[$21x](4)" classname="com.easyserv.testcases.Motoserve.EnquiriesTest" time="3.143">
    <system-out><![CDATA[ExportData/Screenshots
ExportData/Screenshots
Screenshot taken: EnquiriesTest_TC018
Screenshot taken current URL: https://motorserve-booking-uat.siliconstack.com.au/enquiries
[INFO] 23-08-2024 14:23:50 [main] Log - EnquiriesTest_TC018 test is starting...
[INFO] 23-08-2024 14:23:53 [main] Log - EnquiriesTest_TC018 test is passed.
]]></system-out>
  </testcase>
  <testcase name="EnquiriesTest_TC018[2 02](5)" classname="com.easyserv.testcases.Motoserve.EnquiriesTest" time="3.752">
    <system-out><![CDATA[ExportData/Screenshots
ExportData/Screenshots
Screenshot taken: EnquiriesTest_TC018
Screenshot taken current URL: https://motorserve-booking-uat.siliconstack.com.au/enquiries
[INFO] 23-08-2024 14:23:54 [main] Log - EnquiriesTest_TC018 test is starting...
[INFO] 23-08-2024 14:23:58 [main] Log - EnquiriesTest_TC018 test is passed.
]]></system-out>
  </testcase>
  <testcase name="EnquiriesTest_TC018[843+](6)" classname="com.easyserv.testcases.Motoserve.EnquiriesTest" time="3.218">
    <system-out><![CDATA[ExportData/Screenshots
ExportData/Screenshots
Screenshot taken: EnquiriesTest_TC018
Screenshot taken current URL: https://motorserve-booking-uat.siliconstack.com.au/enquiries
[INFO] 23-08-2024 14:23:59 [main] Log - EnquiriesTest_TC018 test is starting...
[INFO] 23-08-2024 14:24:02 [main] Log - EnquiriesTest_TC018 test is passed.
]]></system-out>
  </testcase>
  <testcase name="EnquiriesTest_TC019" classname="com.easyserv.testcases.Motoserve.EnquiriesTest" time="2.421">
    <system-out><![CDATA[ExportData/Screenshots
ExportData/Screenshots
Screenshot taken: EnquiriesTest_TC018
Screenshot taken current URL: https://motorserve-booking-uat.siliconstack.com.au/enquiries
[INFO] 23-08-2024 14:24:04 [main] Log - EnquiriesTest_TC019 test is starting...
[INFO] 23-08-2024 14:24:06 [main] Log - EnquiriesTest_TC019 test is passed.
]]></system-out>
  </testcase>
</testsuite>